TN:
SF:index.js
FNF:0
FNH:0
DA:1,1
DA:2,1
DA:3,1
DA:4,1
DA:11,1
DA:18,1
LF:6
LH:6
BRF:0
BRH:0
end_of_record
TN:
SF:formulas/error.js
FN:12,(anonymous_0)
FN:29,(anonymous_1)
FN:32,(anonymous_2)
FN:41,(anonymous_3)
FN:49,(anonymous_4)
FN:104,(anonymous_5)
FN:114,(anonymous_6)
FN:124,(anonymous_7)
FN:126,(anonymous_8)
FN:137,(anonymous_9)
FNF:10
FNH:10
FNDA:735,(anonymous_0)
FNDA:403,(anonymous_1)
FNDA:10,(anonymous_2)
FNDA:406,(anonymous_3)
FNDA:15,(anonymous_4)
FNDA:3,(anonymous_5)
FNDA:2,(anonymous_6)
FNDA:4,(anonymous_7)
FNDA:4,(anonymous_8)
FNDA:15,(anonymous_9)
DA:13,735
DA:14,735
DA:15,702
DA:16,33
DA:17,8
DA:18,8
DA:20,25
DA:22,33
DA:30,403
DA:33,10
DA:42,406
DA:50,15
DA:54,1
DA:60,1
DA:66,1
DA:72,1
DA:78,1
DA:84,1
DA:90,1
DA:96,1
DA:104,1
DA:105,3
DA:114,1
DA:115,2
DA:124,1
DA:125,4
DA:126,4
DA:137,1
DA:138,15
DA:141,1
LF:30
LH:30
BRDA:14,0,0,702
BRDA:14,0,1,33
BRDA:14,1,0,735
BRDA:14,1,1,710
BRDA:14,1,2,710
BRDA:16,2,0,8
BRDA:16,2,1,25
BRDA:16,3,0,33
BRDA:16,3,1,8
BRDA:42,4,0,406
BRDA:42,4,1,405
BRF:11
BRH:11
end_of_record
TN:
SF:formulas/helpers.js
FN:18,(anonymous_0)
FN:26,(anonymous_1)
FN:36,(anonymous_2)
FN:56,(anonymous_3)
FN:57,(anonymous_4)
FN:67,(anonymous_5)
FN:123,(anonymous_6)
FN:129,(anonymous_7)
FN:152,(anonymous_8)
FN:157,(anonymous_9)
FN:186,(anonymous_10)
FN:248,(anonymous_11)
FN:265,(anonymous_12)
FN:269,(anonymous_13)
FN:279,(anonymous_14)
FN:296,(anonymous_15)
FN:311,(anonymous_16)
FN:317,(anonymous_17)
FN:331,(anonymous_18)
FN:385,(anonymous_19)
FN:399,(anonymous_20)
FN:417,(anonymous_21)
FNF:22
FNH:22
FNDA:8,(anonymous_0)
FNDA:1,(anonymous_1)
FNDA:85612,(anonymous_2)
FNDA:47984,(anonymous_3)
FNDA:48604,(anonymous_4)
FNDA:185596,(anonymous_5)
FNDA:35746,(anonymous_6)
FNDA:49115,(anonymous_7)
FNDA:55,(anonymous_8)
FNDA:24138,(anonymous_9)
FNDA:137455,(anonymous_10)
FNDA:31580,(anonymous_11)
FNDA:305729,(anonymous_12)
FNDA:275379,(anonymous_13)
FNDA:174,(anonymous_14)
FNDA:516,(anonymous_15)
FNDA:833,(anonymous_16)
FNDA:139,(anonymous_17)
FNDA:1262,(anonymous_18)
FNDA:292,(anonymous_19)
FNDA:231352,(anonymous_20)
FNDA:174,(anonymous_21)
DA:1,1
DA:2,1
DA:4,1
DA:15,1
DA:17,1
DA:18,1
DA:19,8
DA:27,1
DA:28,1
DA:37,85612
DA:39,85612
DA:40,36010
DA:41,1
DA:42,36009
DA:43,157
DA:46,85454
DA:47,0
DA:48,85454
DA:57,48604
DA:69,185596
DA:70,0
DA:73,185596
DA:74,185211
DA:76,385
DA:77,115
DA:78,96
DA:80,19
DA:84,270
DA:85,181
DA:86,1
DA:88,180
DA:90,180
DA:91,150
DA:93,89
DA:94,89
DA:96,76
DA:97,76
DA:99,0
DA:102,13
DA:106,0
DA:108,185426
DA:124,35746
DA:125,0
DA:126,35746
DA:127,35612
DA:129,35746
DA:130,49115
DA:131,49115
DA:132,49115
DA:133,49115
DA:136,49115
DA:137,22118
DA:138,7
DA:140,22111
DA:141,21897
DA:144,26997
DA:145,3220
DA:148,23777
DA:149,15
DA:150,13
DA:151,13
DA:152,13
DA:153,55
DA:155,23762
DA:156,23762
DA:157,23762
DA:158,24138
DA:188,137455
DA:189,168
DA:190,137455
DA:191,2
DA:192,137453
DA:193,952
DA:195,136501
DA:196,61449
DA:198,75052
DA:199,75052
DA:202,75052
DA:203,37129
DA:205,37923
DA:206,1197
DA:208,36726
DA:209,5146
DA:210,4912
DA:211,234
DA:212,0
DA:213,234
DA:214,215
DA:216,19
DA:217,31580
DA:218,0
DA:224,31580
DA:225,19
DA:227,31580
DA:228,31580
DA:229,13437
DA:230,7
DA:232,13430
DA:233,18143
DA:234,3394
DA:235,1
DA:236,3393
DA:237,2518
DA:238,14749
DA:239,14573
DA:240,176
DA:241,176
DA:243,0
DA:245,31546
DA:249,31580
DA:250,31580
DA:251,70
DA:252,1
DA:253,69
DA:254,69
DA:255,0
DA:257,69
DA:259,0
DA:260,0
DA:262,31580
DA:266,305729
DA:270,275379
DA:281,174
DA:284,172
DA:285,172
DA:287,172
DA:288,172
DA:289,172
DA:291,0
DA:293,172
DA:297,516
DA:298,0
DA:299,516
DA:300,516
DA:304,1
DA:306,1
DA:312,833
DA:313,827
DA:314,6
DA:318,139
DA:325,1
DA:332,1262
DA:333,1262
DA:335,915
DA:336,915
DA:338,1
DA:341,914
DA:343,914
DA:345,231
DA:348,231
DA:349,28
DA:350,28
DA:352,1
DA:353,27
DA:355,0
DA:358,27
DA:359,27
DA:360,2
DA:365,203
DA:367,229
DA:369,683
DA:370,112
DA:372,571
DA:374,347
DA:376,347
DA:378,0
DA:383,1
DA:386,292
DA:387,292
DA:388,292
DA:390,292
DA:391,293
DA:392,293
DA:393,293
DA:396,292
DA:400,231352
DA:401,231352
DA:402,231352
DA:403,231352
DA:404,239332
DA:405,239332
DA:406,239332
DA:409,231352
DA:418,174
DA:419,6
DA:422,168
DA:423,6
DA:424,6
DA:425,162
DA:426,160
DA:427,160
DA:428,2
DA:430,166
DA:431,7
DA:432,1
DA:440,159
DA:441,159
DA:443,166
DA:447,1
LF:199
LH:184
BRDA:39,0,0,36010
BRDA:39,0,1,49602
BRDA:40,1,0,1
BRDA:40,1,1,36009
BRDA:42,2,0,157
BRDA:42,2,1,35852
BRDA:46,3,0,0
BRDA:46,3,1,85454
BRDA:46,4,0,85454
BRDA:46,4,1,85454
BRDA:57,5,0,24018
BRDA:57,5,1,24586
BRDA:67,6,0,89
BRDA:67,7,0,185420
BRDA:69,8,0,0
BRDA:69,8,1,185596
BRDA:73,9,0,185211
BRDA:73,9,1,385
BRDA:76,10,0,115
BRDA:76,10,1,270
BRDA:77,11,0,96
BRDA:77,11,1,19
BRDA:84,12,0,181
BRDA:84,12,1,89
BRDA:85,13,0,1
BRDA:85,13,1,180
BRDA:90,14,0,150
BRDA:90,14,1,30
BRDA:93,15,0,89
BRDA:93,15,1,0
BRDA:94,16,0,76
BRDA:94,16,1,13
BRDA:96,17,0,76
BRDA:96,17,1,0
BRDA:123,18,0,35612
BRDA:123,19,0,35746
BRDA:124,20,0,0
BRDA:124,20,1,35746
BRDA:126,21,0,35612
BRDA:126,21,1,134
BRDA:127,22,0,25898
BRDA:127,22,1,9714
BRDA:127,23,0,9693
BRDA:127,23,1,21
BRDA:132,24,0,49115
BRDA:132,24,1,45895
BRDA:132,24,2,22193
BRDA:132,24,3,22133
BRDA:136,25,0,22118
BRDA:136,25,1,26997
BRDA:137,26,0,7
BRDA:137,26,1,22111
BRDA:144,27,0,3220
BRDA:144,27,1,23777
BRDA:148,28,0,15
BRDA:148,28,1,23762
BRDA:149,29,0,2
BRDA:149,29,1,13
BRDA:155,30,0,23762
BRDA:155,30,1,0
BRDA:155,31,0,23762
BRDA:155,31,1,60
BRDA:186,32,0,31717
BRDA:186,33,0,132152
BRDA:186,34,0,135288
BRDA:188,35,0,168
BRDA:188,35,1,137287
BRDA:190,36,0,2
BRDA:190,36,1,137453
BRDA:190,37,0,137455
BRDA:190,37,1,954
BRDA:192,38,0,952
BRDA:192,38,1,136501
BRDA:195,39,0,61449
BRDA:195,39,1,75052
BRDA:195,40,0,136501
BRDA:195,40,1,75052
BRDA:199,41,0,66502
BRDA:199,41,1,8550
BRDA:202,42,0,37129
BRDA:202,42,1,37923
BRDA:205,43,0,1197
BRDA:205,43,1,36726
BRDA:208,44,0,5146
BRDA:208,44,1,31580
BRDA:209,45,0,4912
BRDA:209,45,1,234
BRDA:210,46,0,191
BRDA:210,46,1,4721
BRDA:211,47,0,0
BRDA:211,47,1,234
BRDA:213,48,0,215
BRDA:213,48,1,19
BRDA:214,49,0,5
BRDA:214,49,1,210
BRDA:217,50,0,0
BRDA:217,50,1,31580
BRDA:224,51,0,19
BRDA:224,51,1,31561
BRDA:228,52,0,13437
BRDA:228,52,1,18143
BRDA:229,53,0,7
BRDA:229,53,1,13430
BRDA:230,54,0,5
BRDA:230,54,1,2
BRDA:233,55,0,3394
BRDA:233,55,1,14749
BRDA:234,56,0,1
BRDA:234,56,1,3393
BRDA:236,57,0,2518
BRDA:236,57,1,875
BRDA:238,58,0,14573
BRDA:238,58,1,176
BRDA:240,59,0,176
BRDA:240,59,1,0
BRDA:250,60,0,70
BRDA:250,60,1,31510
BRDA:251,61,0,1
BRDA:251,61,1,69
BRDA:253,62,0,69
BRDA:253,62,1,0
BRDA:254,63,0,0
BRDA:254,63,1,69
BRDA:259,64,0,0
BRDA:259,64,1,0
BRDA:266,65,0,305729
BRDA:266,65,1,246714
BRDA:270,66,0,275379
BRDA:270,66,1,216372
BRDA:287,67,0,172
BRDA:287,67,1,0
BRDA:297,68,0,0
BRDA:297,68,1,516
BRDA:312,69,0,827
BRDA:312,69,1,6
BRDA:333,70,0,915
BRDA:333,70,1,347
BRDA:336,71,0,1
BRDA:336,71,1,914
BRDA:336,72,0,915
BRDA:336,72,1,914
BRDA:343,73,0,231
BRDA:343,73,1,683
BRDA:348,74,0,28
BRDA:348,74,1,203
BRDA:350,75,0,1
BRDA:350,75,1,27
BRDA:350,76,0,28
BRDA:350,76,1,27
BRDA:353,77,0,0
BRDA:353,77,1,27
BRDA:359,78,0,2
BRDA:359,78,1,25
BRDA:369,79,0,112
BRDA:369,79,1,571
BRDA:374,80,0,347
BRDA:374,80,1,0
BRDA:374,81,0,347
BRDA:374,81,1,345
BRDA:374,81,2,2
BRDA:374,81,3,0
BRDA:405,82,0,239332
BRDA:405,82,1,0
BRDA:418,83,0,6
BRDA:418,83,1,168
BRDA:422,84,0,6
BRDA:422,84,1,162
BRDA:425,85,0,160
BRDA:425,85,1,2
BRDA:430,86,0,7
BRDA:430,86,1,159
BRDA:431,87,0,1
BRDA:431,87,1,6
BRDA:431,88,0,7
BRDA:431,88,1,6
BRF:175
BRH:156
end_of_record
TN:
SF:formulas/operators.js
FN:5,(anonymous_0)
FN:7,(anonymous_1)
FN:41,(anonymous_2)
FN:59,(anonymous_3)
FN:108,(anonymous_4)
FN:128,(anonymous_5)
FNF:6
FNH:6
FNDA:9110,(anonymous_0)
FNDA:9134,(anonymous_1)
FNDA:255,(anonymous_2)
FNDA:37471,(anonymous_3)
FNDA:8503,(anonymous_4)
FNDA:84529,(anonymous_5)
DA:1,1
DA:2,1
DA:4,1
DA:6,9110
DA:7,9110
DA:8,9134
DA:9,1585
DA:10,1585
DA:12,0
DA:16,9110
DA:17,1
DA:20,9110
DA:21,7531
DA:24,1579
DA:25,1579
DA:27,2
DA:29,2
DA:30,0
DA:32,0
DA:35,1579
DA:36,1579
DA:40,1
DA:42,255
DA:43,255
DA:45,1
DA:46,1
DA:47,0
DA:49,254
DA:50,254
DA:52,0
DA:56,1
DA:58,1
DA:60,37471
DA:61,37471
DA:63,37471
DA:64,1
DA:66,37471
DA:67,7
DA:70,37471
DA:72,37471
DA:74,27899
DA:76,8812
DA:78,6955
DA:80,1179
DA:82,8405
DA:84,873
DA:86,1675
DA:89,9572
DA:91,8690
DA:93,14
DA:95,1
DA:97,865
DA:99,1
DA:101,1
DA:105,0
DA:109,8503
DA:110,8503
DA:112,8503
DA:113,1
DA:115,8503
DA:116,1
DA:119,8503
DA:121,8503
DA:122,2
DA:123,8503
DA:124,3
DA:125,8503
DA:129,84529
DA:130,84529
DA:132,84529
DA:133,84529
DA:134,84395
DA:136,134
DA:137,134
DA:138,0
DA:141,84395
DA:143,34168
DA:145,16535
DA:147,17100
DA:149,15414
DA:150,9736
DA:151,5678
DA:153,1178
DA:156,0
DA:161,1
LF:85
LH:77
BRDA:8,0,0,7549
BRDA:8,0,1,1585
BRDA:9,1,0,1585
BRDA:9,1,1,0
BRDA:16,2,0,1
BRDA:16,2,1,9109
BRDA:20,3,0,7531
BRDA:20,3,1,1579
BRDA:27,4,0,2
BRDA:27,4,1,0
BRDA:29,5,0,0
BRDA:29,5,1,2
BRDA:35,6,0,0
BRDA:35,6,1,1579
BRDA:35,7,0,1579
BRDA:35,7,1,1577
BRDA:45,8,0,1
BRDA:45,8,1,0
BRDA:49,9,0,254
BRDA:49,9,1,0
BRDA:60,10,0,1
BRDA:60,10,1,37470
BRDA:61,11,0,1
BRDA:61,11,1,37470
BRDA:63,12,0,1
BRDA:63,12,1,37470
BRDA:66,13,0,7
BRDA:66,13,1,37464
BRDA:72,14,0,27899
BRDA:72,14,1,9572
BRDA:74,15,0,8812
BRDA:74,15,1,6955
BRDA:74,15,2,1179
BRDA:74,15,3,8405
BRDA:74,15,4,873
BRDA:74,15,5,1675
BRDA:89,16,0,8690
BRDA:89,16,1,14
BRDA:89,16,2,1
BRDA:89,16,3,865
BRDA:89,16,4,1
BRDA:89,16,5,1
BRDA:109,17,0,1
BRDA:109,17,1,8502
BRDA:110,18,0,1
BRDA:110,18,1,8502
BRDA:112,19,0,1
BRDA:112,19,1,8502
BRDA:115,20,0,1
BRDA:115,20,1,8502
BRDA:121,21,0,2
BRDA:121,21,1,8501
BRDA:122,22,0,1
BRDA:122,22,1,1
BRDA:123,23,0,3
BRDA:123,23,1,8500
BRDA:124,24,0,2
BRDA:124,24,1,1
BRDA:129,25,0,1
BRDA:129,25,1,84528
BRDA:130,26,0,1
BRDA:130,26,1,84528
BRDA:136,27,0,134
BRDA:136,27,1,0
BRDA:141,28,0,34168
BRDA:141,28,1,16535
BRDA:141,28,2,17100
BRDA:141,28,3,15414
BRDA:141,28,4,1178
BRDA:149,29,0,9736
BRDA:149,29,1,5678
BRF:71
BRH:64
end_of_record
TN:
SF:formulas/functions/date.js
FN:60,parseSimplifiedDate
FN:80,parseTime
FN:103,toSerial
FN:113,toDate
FN:123,parseDateWithExtra
FN:143,parseDate
FN:147,compareDateIgnoreTime
FN:153,isLeapYear
FN:166,(anonymous_8)
FN:181,(anonymous_9)
FN:231,(anonymous_10)
FN:241,(anonymous_11)
FN:246,(anonymous_12)
FN:256,(anonymous_13)
FN:281,(anonymous_14)
FN:288,(anonymous_15)
FN:295,(anonymous_16)
FN:300,(anonymous_17)
FN:311,(anonymous_18)
FN:316,(anonymous_19)
FN:321,(anonymous_20)
FN:333,(anonymous_21)
FN:356,(anonymous_22)
FN:390,(anonymous_23)
FN:420,(anonymous_24)
FN:427,(anonymous_25)
FN:432,(anonymous_26)
FN:442,(anonymous_27)
FN:447,(anonymous_28)
FN:452,(anonymous_29)
FN:464,(anonymous_30)
FN:476,(anonymous_31)
FN:480,(anonymous_32)
FN:511,(anonymous_33)
FN:541,(anonymous_34)
FN:547,(anonymous_35)
FNF:36
FNH:36
FNDA:175,parseSimplifiedDate
FNDA:182,parseTime
FNDA:550,toSerial
FNDA:191,toDate
FNDA:395,parseDateWithExtra
FNDA:352,parseDate
FNDA:1219,compareDateIgnoreTime
FNDA:6,isLeapYear
FNDA:257,(anonymous_8)
FNDA:21,(anonymous_9)
FNDA:43,(anonymous_10)
FNDA:7,(anonymous_11)
FNDA:17,(anonymous_12)
FNDA:12,(anonymous_13)
FNDA:2,(anonymous_14)
FNDA:3,(anonymous_15)
FNDA:8,(anonymous_16)
FNDA:4,(anonymous_17)
FNDA:2,(anonymous_18)
FNDA:6,(anonymous_19)
FNDA:9,(anonymous_20)
FNDA:7,(anonymous_21)
FNDA:8,(anonymous_22)
FNDA:5,(anonymous_23)
FNDA:121,(anonymous_24)
FNDA:3,(anonymous_25)
FNDA:20,(anonymous_26)
FNDA:3,(anonymous_27)
FNDA:78,(anonymous_28)
FNDA:24,(anonymous_29)
FNDA:4,(anonymous_30)
FNDA:44,(anonymous_31)
FNDA:54,(anonymous_32)
FNDA:6,(anonymous_33)
FNDA:40,(anonymous_34)
FNDA:20,(anonymous_35)
DA:1,1
DA:2,1
DA:3,1
DA:5,1
DA:6,1
DA:7,1
DA:10,1
DA:30,1
DA:52,1
DA:54,1
DA:56,1
DA:58,1
DA:61,175
DA:62,175
DA:63,175
DA:65,175
DA:66,175
DA:67,1
DA:68,174
DA:69,1
DA:70,173
DA:71,3
DA:73,175
DA:81,182
DA:82,182
DA:85,7
DA:86,7
DA:87,7
DA:89,7
DA:90,7
DA:91,7
DA:94,7
DA:104,550
DA:105,550
DA:114,191
DA:115,1
DA:117,190
DA:118,119
DA:120,71
DA:124,395
DA:125,373
DA:126,373
DA:127,373
DA:128,191
DA:129,191
DA:132,182
DA:134,182
DA:135,175
DA:137,7
DA:140,372
DA:144,352
DA:148,1219
DA:154,6
DA:155,2
DA:157,4
DA:160,1
DA:167,257
DA:168,257
DA:169,257
DA:170,257
DA:171,2
DA:174,255
DA:175,3
DA:178,255
DA:182,21
DA:183,21
DA:184,21
DA:186,20
DA:187,1
DA:188,19
DA:189,19
DA:190,19
DA:192,19
DA:194,2
DA:195,2
DA:197,3
DA:198,3
DA:200,2
DA:203,4
DA:204,4
DA:205,2
DA:207,2
DA:209,4
DA:212,4
DA:213,4
DA:216,4
DA:217,1
DA:219,3
DA:221,4
DA:232,43
DA:233,43
DA:234,43
DA:235,42
DA:236,42
DA:237,1
DA:238,41
DA:242,7
DA:243,6
DA:247,17
DA:248,17
DA:249,17
DA:250,17
DA:251,2
DA:253,17
DA:257,12
DA:258,12
DA:260,12
DA:262,12
DA:263,6
DA:265,12
DA:266,3
DA:269,9
DA:270,6
DA:274,12
DA:275,12
DA:276,12
DA:278,12
DA:282,2
DA:283,2
DA:284,2
DA:285,2
DA:289,3
DA:290,3
DA:291,3
DA:292,3
DA:296,8
DA:297,8
DA:301,4
DA:304,4
DA:305,4
DA:306,4
DA:307,4
DA:308,4
DA:312,2
DA:313,2
DA:317,6
DA:318,6
DA:322,9
DA:323,9
DA:324,9
DA:325,9
DA:326,1
DA:327,1
DA:328,1
DA:329,1
DA:331,9
DA:332,9
DA:333,5
DA:334,7
DA:337,9
DA:338,9
DA:340,822
DA:341,593
DA:342,593
DA:343,657
DA:344,6
DA:345,6
DA:348,593
DA:350,822
DA:352,9
DA:357,8
DA:358,8
DA:359,8
DA:360,8
DA:361,3
DA:362,3
DA:363,3
DA:364,3
DA:366,8
DA:368,8
DA:369,1
DA:372,7
DA:373,2
DA:374,1
DA:375,1
DA:376,1
DA:377,7
DA:378,2
DA:380,1
DA:383,5
DA:384,1
DA:385,4
DA:388,5
DA:389,5
DA:390,3
DA:391,5
DA:394,5
DA:395,5
DA:396,125
DA:397,125
DA:398,231
DA:399,35
DA:400,35
DA:404,124
DA:405,89
DA:406,89
DA:407,90
DA:408,4
DA:409,4
DA:412,89
DA:414,124
DA:416,4
DA:421,121
DA:422,121
DA:428,3
DA:429,3
DA:433,20
DA:434,20
DA:435,20
DA:437,20
DA:438,1
DA:439,19
DA:443,3
DA:444,3
DA:448,78
DA:449,78
DA:453,24
DA:454,24
DA:456,24
DA:457,24
DA:458,24
DA:459,2
DA:460,22
DA:465,4
DA:466,4
DA:467,4
DA:468,1
DA:470,3
DA:471,3
DA:472,3
DA:473,3
DA:477,44
DA:481,54
DA:482,54
DA:484,54
DA:486,54
DA:487,1
DA:490,53
DA:491,2
DA:492,1
DA:493,1
DA:494,1
DA:495,1
DA:496,7
DA:497,2
DA:499,1
DA:502,51
DA:503,1
DA:504,50
DA:505,50
DA:506,2
DA:509,49
DA:510,49
DA:511,4
DA:512,6
DA:515,49
DA:516,49
DA:517,49
DA:518,1261
DA:519,1261
DA:520,2198
DA:521,322
DA:522,322
DA:526,1261
DA:527,939
DA:528,939
DA:529,472
DA:530,2
DA:531,2
DA:534,939
DA:536,1261
DA:538,49
DA:542,40
DA:543,40
DA:548,20
DA:549,20
DA:550,20
DA:551,1
DA:552,1
DA:553,1
DA:555,20
DA:556,20
DA:558,20
DA:559,1
DA:562,19
DA:563,19
DA:564,19
DA:565,19
DA:566,19
DA:567,19
DA:569,19
DA:572,6
DA:573,2
DA:574,2
DA:575,4
DA:576,1
DA:577,3
DA:578,1
DA:580,6
DA:583,8
DA:584,6
DA:585,6
DA:586,6
DA:588,2
DA:589,2
DA:590,2
DA:591,2
DA:595,2
DA:598,1
DA:601,2
DA:606,1
LF:311
LH:311
BRDA:60,0,0,0
BRDA:65,1,0,32
BRDA:65,1,1,143
BRDA:65,2,0,175
BRDA:65,2,1,32
BRDA:66,3,0,1
BRDA:66,3,1,174
BRDA:68,4,0,1
BRDA:68,4,1,173
BRDA:70,5,0,3
BRDA:70,5,1,170
BRDA:82,6,0,175
BRDA:82,6,1,7
BRDA:85,7,0,6
BRDA:85,7,1,1
BRDA:86,8,0,3
BRDA:86,8,1,4
BRDA:87,9,0,6
BRDA:87,9,1,1
BRDA:104,10,0,499
BRDA:104,10,1,51
BRDA:114,11,0,1
BRDA:114,11,1,190
BRDA:117,12,0,119
BRDA:117,12,1,71
BRDA:123,13,0,352
BRDA:124,14,0,22
BRDA:124,14,1,373
BRDA:127,15,0,191
BRDA:127,15,1,182
BRDA:134,16,0,175
BRDA:134,16,1,7
BRDA:148,17,0,1219
BRDA:148,17,1,655
BRDA:148,17,2,263
BRDA:154,18,0,2
BRDA:154,18,1,4
BRDA:170,19,0,2
BRDA:170,19,1,255
BRDA:170,20,0,257
BRDA:170,20,1,256
BRDA:174,21,0,3
BRDA:174,21,1,252
BRDA:186,22,0,1
BRDA:186,22,1,19
BRDA:192,23,0,2
BRDA:192,23,1,3
BRDA:192,23,2,2
BRDA:192,23,3,4
BRDA:192,23,4,4
BRDA:192,23,5,4
BRDA:194,24,0,1
BRDA:194,24,1,1
BRDA:194,25,0,2
BRDA:194,25,1,2
BRDA:194,25,2,2
BRDA:197,26,0,1
BRDA:197,26,1,2
BRDA:204,27,0,2
BRDA:204,27,1,2
BRDA:212,28,0,1
BRDA:212,28,1,3
BRDA:216,29,0,1
BRDA:216,29,1,3
BRDA:216,30,0,4
BRDA:216,30,1,3
BRDA:216,30,2,2
BRDA:234,31,0,1
BRDA:234,31,1,42
BRDA:236,32,0,1
BRDA:236,32,1,41
BRDA:236,33,0,42
BRDA:236,33,1,42
BRDA:250,34,0,2
BRDA:250,34,1,15
BRDA:250,35,0,17
BRDA:250,35,1,3
BRDA:262,36,0,6
BRDA:262,36,1,6
BRDA:265,37,0,3
BRDA:265,37,1,9
BRDA:265,38,0,12
BRDA:265,38,1,10
BRDA:265,38,2,5
BRDA:269,39,0,6
BRDA:269,39,1,3
BRDA:325,40,0,1
BRDA:325,40,1,8
BRDA:332,41,0,5
BRDA:332,41,1,4
BRDA:340,42,0,593
BRDA:340,42,1,229
BRDA:340,43,0,822
BRDA:340,43,1,706
BRDA:343,44,0,6
BRDA:343,44,1,651
BRDA:348,45,0,587
BRDA:348,45,1,6
BRDA:360,46,0,3
BRDA:360,46,1,5
BRDA:368,47,0,1
BRDA:368,47,1,7
BRDA:372,48,0,2
BRDA:372,48,1,5
BRDA:372,49,0,7
BRDA:372,49,1,3
BRDA:373,50,0,1
BRDA:373,50,1,1
BRDA:377,51,0,2
BRDA:377,51,1,5
BRDA:383,52,0,1
BRDA:383,52,1,4
BRDA:389,53,0,3
BRDA:389,53,1,2
BRDA:398,54,0,35
BRDA:398,54,1,196
BRDA:404,55,0,89
BRDA:404,55,1,35
BRDA:407,56,0,4
BRDA:407,56,1,86
BRDA:412,57,0,85
BRDA:412,57,1,4
BRDA:437,58,0,1
BRDA:437,58,1,19
BRDA:437,59,0,20
BRDA:437,59,1,19
BRDA:437,59,2,19
BRDA:437,59,3,19
BRDA:437,59,4,19
BRDA:437,59,5,19
BRDA:458,60,0,2
BRDA:458,60,1,22
BRDA:467,61,0,1
BRDA:467,61,1,3
BRDA:472,62,0,1
BRDA:472,62,1,2
BRDA:486,63,0,1
BRDA:486,63,1,53
BRDA:490,64,0,2
BRDA:490,64,1,51
BRDA:490,65,0,53
BRDA:490,65,1,3
BRDA:491,66,0,1
BRDA:491,66,1,1
BRDA:496,67,0,2
BRDA:496,67,1,5
BRDA:502,68,0,1
BRDA:502,68,1,50
BRDA:505,69,0,2
BRDA:505,69,1,48
BRDA:510,70,0,4
BRDA:510,70,1,45
BRDA:520,71,0,322
BRDA:520,71,1,1876
BRDA:526,72,0,939
BRDA:526,72,1,322
BRDA:529,73,0,2
BRDA:529,73,1,470
BRDA:534,74,0,937
BRDA:534,74,1,2
BRDA:550,75,0,1
BRDA:550,75,1,19
BRDA:558,76,0,1
BRDA:558,76,1,19
BRDA:558,77,0,20
BRDA:558,77,1,20
BRDA:569,78,0,6
BRDA:569,78,1,8
BRDA:569,78,2,2
BRDA:569,78,3,1
BRDA:569,78,4,2
BRDA:572,79,0,2
BRDA:572,79,1,4
BRDA:572,80,0,6
BRDA:572,80,1,3
BRDA:575,81,0,1
BRDA:575,81,1,3
BRDA:577,82,0,1
BRDA:577,82,1,2
BRDA:577,83,0,3
BRDA:577,83,1,1
BRDA:583,84,0,6
BRDA:583,84,1,2
BRDA:584,85,0,3
BRDA:584,85,1,3
BRDA:584,86,0,6
BRDA:584,86,1,5
BRF:187
BRH:186
end_of_record
TN:
SF:formulas/functions/distribution.js
FN:9,(anonymous_0)
FN:23,(anonymous_1)
FN:34,(anonymous_2)
FN:46,(anonymous_3)
FN:61,(anonymous_4)
FN:77,(anonymous_5)
FN:88,(anonymous_6)
FN:98,(anonymous_7)
FN:108,(anonymous_8)
FN:118,(anonymous_9)
FN:163,(anonymous_10)
FN:173,(anonymous_11)
FN:185,(anonymous_12)
FN:205,(anonymous_13)
FN:227,(anonymous_14)
FN:248,(anonymous_15)
FN:251,(anonymous_16)
FN:265,(anonymous_17)
FN:274,(anonymous_18)
FN:294,(anonymous_19)
FN:313,(anonymous_20)
FN:334,(anonymous_21)
FN:363,(anonymous_22)
FN:398,(anonymous_23)
FN:408,(anonymous_24)
FN:416,(anonymous_25)
FN:449,(anonymous_26)
FN:453,(anonymous_27)
FN:457,(anonymous_28)
FN:461,(anonymous_29)
FN:465,(anonymous_30)
FN:469,(anonymous_31)
FN:501,(anonymous_32)
FN:515,(anonymous_33)
FN:532,(anonymous_34)
FN:548,(anonymous_35)
FN:561,(anonymous_36)
FN:574,(anonymous_37)
FN:583,(anonymous_38)
FN:587,(anonymous_39)
FN:595,(anonymous_40)
FN:671,(anonymous_41)
FN:674,(anonymous_42)
FN:683,(anonymous_43)
FN:722,pdf
FN:726,cdf
FN:737,(anonymous_46)
FN:766,(anonymous_47)
FN:769,(anonymous_48)
FN:785,(anonymous_49)
FN:789,(anonymous_50)
FN:793,(anonymous_51)
FN:807,(anonymous_52)
FN:824,(anonymous_53)
FN:828,(anonymous_54)
FN:832,(anonymous_55)
FN:854,(anonymous_56)
FN:870,(anonymous_57)
FN:892,(anonymous_58)
FN:900,(anonymous_59)
FN:910,(anonymous_60)
FN:914,(anonymous_61)
FN:918,(anonymous_62)
FN:922,(anonymous_63)
FN:926,(anonymous_64)
FN:930,(anonymous_65)
FN:934,(anonymous_66)
FN:941,(anonymous_67)
FN:957,(anonymous_68)
FN:961,(anonymous_69)
FN:965,(anonymous_70)
FN:969,(anonymous_71)
FN:973,(anonymous_72)
FN:977,(anonymous_73)
FN:981,(anonymous_74)
FN:985,(anonymous_75)
FN:989,(anonymous_76)
FN:993,(anonymous_77)
FN:1005,(anonymous_78)
FN:1009,(anonymous_79)
FN:1013,(anonymous_80)
FN:1017,(anonymous_81)
FN:1021,(anonymous_82)
FN:1025,(anonymous_83)
FN:1038,(anonymous_84)
FN:1051,(anonymous_85)
FN:1063,(anonymous_86)
FN:1079,(anonymous_87)
FN:1095,(anonymous_88)
FN:1099,(anonymous_89)
FN:1103,(anonymous_90)
FN:1107,(anonymous_91)
FN:1111,(anonymous_92)
FN:1115,(anonymous_93)
FN:1119,(anonymous_94)
FN:1123,(anonymous_95)
FN:1140,(anonymous_96)
FNF:97
FNH:97
FNDA:4,(anonymous_0)
FNDA:2,(anonymous_1)
FNDA:3,(anonymous_2)
FNDA:3,(anonymous_3)
FNDA:2,(anonymous_4)
FNDA:3,(anonymous_5)
FNDA:2,(anonymous_6)
FNDA:3,(anonymous_7)
FNDA:3,(anonymous_8)
FNDA:4,(anonymous_9)
FNDA:2,(anonymous_10)
FNDA:2,(anonymous_11)
FNDA:11,(anonymous_12)
FNDA:3,(anonymous_13)
FNDA:5,(anonymous_14)
FNDA:4,(anonymous_15)
FNDA:26,(anonymous_16)
FNDA:6,(anonymous_17)
FNDA:8,(anonymous_18)
FNDA:7,(anonymous_19)
FNDA:8,(anonymous_20)
FNDA:9,(anonymous_21)
FNDA:5,(anonymous_22)
FNDA:5,(anonymous_23)
FNDA:3,(anonymous_24)
FNDA:15,(anonymous_25)
FNDA:1,(anonymous_26)
FNDA:1,(anonymous_27)
FNDA:1,(anonymous_28)
FNDA:1,(anonymous_29)
FNDA:5,(anonymous_30)
FNDA:44,(anonymous_31)
FNDA:5,(anonymous_32)
FNDA:6,(anonymous_33)
FNDA:6,(anonymous_34)
FNDA:4,(anonymous_35)
FNDA:4,(anonymous_36)
FNDA:3,(anonymous_37)
FNDA:4,(anonymous_38)
FNDA:23,(anonymous_39)
FNDA:9,(anonymous_40)
FNDA:3,(anonymous_41)
FNDA:25,(anonymous_42)
FNDA:19,(anonymous_43)
FNDA:4,pdf
FNDA:2,cdf
FNDA:16,(anonymous_46)
FNDA:3,(anonymous_47)
FNDA:31,(anonymous_48)
FNDA:10,(anonymous_49)
FNDA:1,(anonymous_50)
FNDA:5,(anonymous_51)
FNDA:5,(anonymous_52)
FNDA:1,(anonymous_53)
FNDA:1,(anonymous_54)
FNDA:7,(anonymous_55)
FNDA:6,(anonymous_56)
FNDA:9,(anonymous_57)
FNDA:3,(anonymous_58)
FNDA:6,(anonymous_59)
FNDA:2,(anonymous_60)
FNDA:1,(anonymous_61)
FNDA:1,(anonymous_62)
FNDA:1,(anonymous_63)
FNDA:1,(anonymous_64)
FNDA:1,(anonymous_65)
FNDA:4,(anonymous_66)
FNDA:5,(anonymous_67)
FNDA:1,(anonymous_68)
FNDA:1,(anonymous_69)
FNDA:1,(anonymous_70)
FNDA:1,(anonymous_71)
FNDA:1,(anonymous_72)
FNDA:3,(anonymous_73)
FNDA:2,(anonymous_74)
FNDA:1,(anonymous_75)
FNDA:21,(anonymous_76)
FNDA:4,(anonymous_77)
FNDA:1,(anonymous_78)
FNDA:1,(anonymous_79)
FNDA:10,(anonymous_80)
FNDA:3,(anonymous_81)
FNDA:2,(anonymous_82)
FNDA:6,(anonymous_83)
FNDA:4,(anonymous_84)
FNDA:3,(anonymous_85)
FNDA:8,(anonymous_86)
FNDA:8,(anonymous_87)
FNDA:1,(anonymous_88)
FNDA:1,(anonymous_89)
FNDA:1,(anonymous_90)
FNDA:1,(anonymous_91)
FNDA:1,(anonymous_92)
FNDA:2,(anonymous_93)
FNDA:1,(anonymous_94)
FNDA:8,(anonymous_95)
FNDA:1,(anonymous_96)
DA:1,1
DA:2,1
DA:3,1
DA:4,1
DA:5,1
DA:6,1
DA:8,1
DA:10,4
DA:11,4
DA:12,4
DA:13,4
DA:14,4
DA:15,4
DA:16,4
DA:17,1
DA:19,3
DA:20,3
DA:24,2
DA:25,2
DA:26,2
DA:27,2
DA:28,2
DA:29,2
DA:30,1
DA:31,1
DA:35,3
DA:36,3
DA:37,3
DA:38,3
DA:39,3
DA:40,0
DA:42,3
DA:47,3
DA:48,3
DA:49,3
DA:50,3
DA:51,3
DA:52,0
DA:54,3
DA:55,3
DA:56,8
DA:58,3
DA:62,2
DA:63,2
DA:64,2
DA:65,2
DA:66,0
DA:68,2
DA:69,2
DA:70,6
DA:71,2
DA:73,4
DA:78,3
DA:79,3
DA:80,3
DA:81,3
DA:82,3
DA:83,1
DA:85,2
DA:89,2
DA:90,2
DA:91,2
DA:92,2
DA:93,1
DA:95,1
DA:99,3
DA:100,3
DA:101,3
DA:102,3
DA:103,1
DA:105,2
DA:109,3
DA:110,3
DA:111,3
DA:112,3
DA:113,1
DA:115,2
DA:119,4
DA:120,4
DA:122,4
DA:124,0
DA:126,3
DA:127,3
DA:128,3
DA:129,3
DA:130,0
DA:132,3
DA:133,3
DA:135,3
DA:136,9
DA:137,18
DA:138,1
DA:139,17
DA:140,16
DA:145,2
DA:146,2
DA:147,0
DA:149,2
DA:150,2
DA:151,2
DA:152,2
DA:154,2
DA:155,2
DA:156,79
DA:157,79
DA:158,79
DA:160,2
DA:164,2
DA:165,2
DA:166,2
DA:167,2
DA:168,2
DA:169,1
DA:170,1
DA:174,2
DA:175,2
DA:176,2
DA:177,2
DA:178,2
DA:179,1
DA:180,1
DA:181,0
DA:182,1
DA:186,11
DA:187,11
DA:188,11
DA:189,0
DA:192,11
DA:193,11
DA:194,18
DA:195,1
DA:196,17
DA:197,17
DA:199,11
DA:200,9
DA:202,2
DA:206,3
DA:207,3
DA:208,3
DA:209,0
DA:212,3
DA:213,3
DA:214,10
DA:215,1
DA:216,9
DA:217,9
DA:219,3
DA:220,3
DA:221,3
DA:222,9
DA:224,3
DA:228,5
DA:229,5
DA:230,5
DA:231,0
DA:234,5
DA:235,5
DA:236,14
DA:237,1
DA:238,13
DA:239,13
DA:242,5
DA:243,2
DA:245,3
DA:249,4
DA:251,4
DA:252,26
DA:253,25
DA:254,25
DA:257,4
DA:258,4
DA:259,4
DA:260,25
DA:262,4
DA:266,6
DA:267,6
DA:268,6
DA:269,6
DA:270,4
DA:271,2
DA:275,8
DA:276,8
DA:277,8
DA:278,8
DA:283,8
DA:284,4
DA:288,4
DA:289,4
DA:291,4
DA:296,7
DA:297,7
DA:298,7
DA:302,7
DA:303,4
DA:307,3
DA:308,3
DA:310,3
DA:315,8
DA:316,8
DA:317,8
DA:319,8
DA:320,4
DA:323,4
DA:324,2
DA:328,2
DA:329,2
DA:331,2
DA:336,9
DA:337,9
DA:338,9
DA:340,9
DA:341,2
DA:345,7
DA:346,3
DA:350,4
DA:351,2
DA:354,2
DA:355,2
DA:357,2
DA:364,5
DA:365,5
DA:368,5
DA:369,5
DA:370,5
DA:371,16
DA:372,16
DA:373,16
DA:375,16
DA:376,12
DA:377,12
DA:380,5
DA:381,2
DA:383,3
DA:384,3
DA:385,3
DA:386,3
DA:387,15
DA:389,3
DA:390,3
DA:391,11
DA:393,3
DA:395,3
DA:400,5
DA:402,5
DA:403,2
DA:405,3
DA:410,3
DA:411,2
DA:412,2
DA:417,15
DA:418,15
DA:419,15
DA:421,15
DA:422,3
DA:425,12
DA:426,12
DA:427,12
DA:428,24
DA:429,2
DA:430,22
DA:431,22
DA:432,22
DA:433,12
DA:435,12
DA:436,8
DA:437,4
DA:438,4
DA:439,4
DA:440,4
DA:441,16
DA:442,16
DA:444,4
DA:445,4
DA:446,4
DA:466,5
DA:470,44
DA:471,44
DA:473,44
DA:474,44
DA:475,48
DA:476,1
DA:477,47
DA:479,44
DA:480,44
DA:482,44
DA:483,44
DA:484,91
DA:485,91
DA:486,91
DA:487,138
DA:488,66
DA:490,72
DA:491,72
DA:492,59
DA:493,59
DA:498,44
DA:505,5
DA:508,5
DA:509,3
DA:512,2
DA:518,6
DA:519,6
DA:520,6
DA:521,6
DA:525,6
DA:526,4
DA:529,2
DA:535,6
DA:536,6
DA:537,6
DA:541,6
DA:542,5
DA:545,1
DA:551,4
DA:554,3
DA:555,2
DA:558,1
DA:564,4
DA:567,3
DA:568,2
DA:571,1
DA:578,3
DA:580,2
DA:585,4
DA:587,4
DA:588,23
DA:589,22
DA:592,4
DA:597,9
DA:598,9
DA:599,46
DA:600,1
DA:603,8
DA:604,8
DA:605,8
DA:606,1
DA:607,1
DA:608,6
DA:611,7
DA:612,1
DA:613,6
DA:614,28
DA:615,0
DA:619,7
DA:620,7
DA:621,1
DA:622,1
DA:623,6
DA:625,1
DA:626,6
DA:627,2
DA:629,7
DA:632,7
DA:633,7
DA:634,7
DA:635,34
DA:636,34
DA:637,34
DA:638,34
DA:639,34
DA:640,34
DA:642,7
DA:643,7
DA:644,7
DA:645,7
DA:650,7
DA:651,6
DA:652,6
DA:654,1
DA:655,1
DA:659,7
DA:660,7
DA:661,8
DA:662,8
DA:663,26
DA:664,0
DA:665,26
DA:668,7
DA:672,3
DA:674,3
DA:675,25
DA:676,25
DA:677,25
DA:680,3
DA:686,19
DA:687,19
DA:688,19
DA:689,19
DA:690,19
DA:693,19
DA:694,19
DA:695,19
DA:696,19
DA:699,19
DA:700,8
DA:704,11
DA:705,3
DA:708,8
DA:709,2
DA:714,6
DA:715,2
DA:718,4
DA:719,1
DA:723,4
DA:727,2
DA:728,2
DA:729,3
DA:731,2
DA:734,3
DA:739,16
DA:740,16
DA:742,16
DA:743,0
DA:746,16
DA:747,16
DA:748,19
DA:749,0
DA:750,19
DA:751,19
DA:753,16
DA:754,15
DA:755,1
DA:756,1
DA:757,1
DA:758,1
DA:759,5
DA:760,5
DA:762,1
DA:763,1
DA:767,3
DA:769,3
DA:770,31
DA:771,31
DA:772,31
DA:775,3
DA:776,3
DA:777,3
DA:778,3
DA:779,31
DA:781,3
DA:782,3
DA:795,5
DA:796,5
DA:797,5
DA:798,5
DA:800,5
DA:801,3
DA:804,2
DA:809,5
DA:810,5
DA:811,5
DA:813,5
DA:814,3
DA:817,2
DA:818,1
DA:821,1
DA:834,7
DA:835,7
DA:836,7
DA:837,7
DA:839,7
DA:840,7
DA:843,7
DA:844,2
DA:847,5
DA:848,3
DA:851,2
DA:856,6
DA:857,6
DA:858,6
DA:859,6
DA:862,6
DA:863,3
DA:866,3
DA:872,9
DA:873,9
DA:874,9
DA:877,9
DA:878,5
DA:881,4
DA:882,2
DA:888,2
DA:894,3
DA:895,3
DA:897,3
DA:902,6
DA:904,6
DA:905,5
DA:907,1
DA:936,4
DA:938,4
DA:943,5
DA:944,5
DA:945,5
DA:948,5
DA:949,2
DA:952,3
DA:954,3
DA:994,4
DA:995,4
DA:996,4
DA:998,4
DA:999,3
DA:1002,1
DA:1027,6
DA:1028,6
DA:1029,6
DA:1031,6
DA:1032,3
DA:1035,3
DA:1040,4
DA:1041,4
DA:1044,4
DA:1045,3
DA:1048,1
DA:1053,3
DA:1054,3
DA:1056,3
DA:1057,2
DA:1060,1
DA:1065,8
DA:1066,8
DA:1069,8
DA:1070,5
DA:1074,3
DA:1076,3
DA:1081,8
DA:1082,8
DA:1085,8
DA:1086,5
DA:1089,3
DA:1091,3
DA:1125,8
DA:1126,8
DA:1127,8
DA:1128,8
DA:1131,8
DA:1132,6
DA:1135,2
DA:1146,1
LF:540
LH:526
BRDA:16,0,0,1
BRDA:16,0,1,3
BRDA:16,1,0,4
BRDA:16,1,1,3
BRDA:16,1,2,3
BRDA:16,1,3,3
BRDA:16,1,4,3
BRDA:20,2,0,1
BRDA:20,2,1,2
BRDA:29,3,0,1
BRDA:29,3,1,1
BRDA:29,4,0,2
BRDA:29,4,1,1
BRDA:29,4,2,1
BRDA:29,4,3,1
BRDA:39,5,0,0
BRDA:39,5,1,3
BRDA:39,6,0,3
BRDA:39,6,1,3
BRDA:39,6,2,3
BRDA:39,6,3,3
BRDA:39,6,4,3
BRDA:42,7,0,1
BRDA:42,7,1,2
BRDA:51,8,0,0
BRDA:51,8,1,3
BRDA:51,9,0,3
BRDA:51,9,1,3
BRDA:51,9,2,3
BRDA:51,9,3,3
BRDA:51,9,4,3
BRDA:51,9,5,3
BRDA:51,9,6,3
BRDA:65,10,0,0
BRDA:65,10,1,2
BRDA:65,11,0,2
BRDA:65,11,1,2
BRDA:65,11,2,2
BRDA:65,11,3,2
BRDA:65,11,4,2
BRDA:70,12,0,2
BRDA:70,12,1,4
BRDA:82,13,0,1
BRDA:82,13,1,2
BRDA:82,14,0,3
BRDA:82,14,1,3
BRDA:82,14,2,2
BRDA:85,15,0,1
BRDA:85,15,1,1
BRDA:92,16,0,1
BRDA:92,16,1,1
BRDA:92,17,0,2
BRDA:92,17,1,2
BRDA:92,17,2,1
BRDA:102,18,0,1
BRDA:102,18,1,2
BRDA:102,19,0,3
BRDA:102,19,1,3
BRDA:102,19,2,3
BRDA:102,19,3,2
BRDA:112,20,0,1
BRDA:112,20,1,2
BRDA:112,21,0,3
BRDA:112,21,1,3
BRDA:112,21,2,3
BRDA:112,21,3,2
BRDA:122,22,0,0
BRDA:122,22,1,3
BRDA:122,23,0,4
BRDA:122,23,1,4
BRDA:122,23,2,3
BRDA:122,23,3,0
BRDA:129,24,0,0
BRDA:129,24,1,3
BRDA:137,25,0,1
BRDA:137,25,1,17
BRDA:137,26,0,18
BRDA:137,26,1,18
BRDA:139,27,0,1
BRDA:139,27,1,16
BRDA:146,28,0,0
BRDA:146,28,1,2
BRDA:168,29,0,1
BRDA:168,29,1,1
BRDA:168,30,0,2
BRDA:168,30,1,1
BRDA:168,30,2,1
BRDA:168,30,3,1
BRDA:178,31,0,1
BRDA:178,31,1,1
BRDA:178,32,0,2
BRDA:178,32,1,1
BRDA:178,32,2,1
BRDA:178,32,3,1
BRDA:180,33,0,0
BRDA:180,33,1,1
BRDA:188,34,0,0
BRDA:188,34,1,11
BRDA:194,35,0,1
BRDA:194,35,1,17
BRDA:194,36,0,18
BRDA:194,36,1,18
BRDA:199,37,0,9
BRDA:199,37,1,2
BRDA:208,38,0,0
BRDA:208,38,1,3
BRDA:214,39,0,1
BRDA:214,39,1,9
BRDA:214,40,0,10
BRDA:214,40,1,10
BRDA:230,41,0,0
BRDA:230,41,1,5
BRDA:236,42,0,1
BRDA:236,42,1,13
BRDA:236,43,0,14
BRDA:236,43,1,14
BRDA:242,44,0,2
BRDA:242,44,1,3
BRDA:252,45,0,25
BRDA:252,45,1,1
BRDA:269,46,0,4
BRDA:269,46,1,2
BRDA:269,47,0,6
BRDA:269,47,1,5
BRDA:271,48,0,1
BRDA:271,48,1,1
BRDA:283,49,0,4
BRDA:283,49,1,4
BRDA:283,50,0,8
BRDA:283,50,1,7
BRDA:283,50,2,5
BRDA:291,51,0,3
BRDA:291,51,1,1
BRDA:302,52,0,4
BRDA:302,52,1,3
BRDA:302,53,0,7
BRDA:302,53,1,6
BRDA:302,53,2,4
BRDA:319,54,0,4
BRDA:319,54,1,4
BRDA:319,55,0,8
BRDA:319,55,1,7
BRDA:323,56,0,2
BRDA:323,56,1,2
BRDA:323,57,0,4
BRDA:323,57,1,3
BRDA:340,58,0,2
BRDA:340,58,1,7
BRDA:340,59,0,9
BRDA:340,59,1,8
BRDA:345,60,0,3
BRDA:345,60,1,4
BRDA:345,61,0,7
BRDA:345,61,1,5
BRDA:350,62,0,2
BRDA:350,62,1,2
BRDA:350,63,0,4
BRDA:350,63,1,3
BRDA:371,64,0,16
BRDA:371,64,1,0
BRDA:375,65,0,12
BRDA:375,65,1,4
BRDA:380,66,0,2
BRDA:380,66,1,3
BRDA:380,67,0,5
BRDA:380,67,1,3
BRDA:402,68,0,2
BRDA:402,68,1,3
BRDA:402,69,0,5
BRDA:402,69,1,4
BRDA:421,70,0,3
BRDA:421,70,1,12
BRDA:428,71,0,2
BRDA:428,71,1,22
BRDA:428,72,0,24
BRDA:428,72,1,24
BRDA:432,73,0,12
BRDA:432,73,1,10
BRDA:435,74,0,8
BRDA:435,74,1,4
BRDA:475,75,0,1
BRDA:475,75,1,47
BRDA:487,76,0,66
BRDA:487,76,1,72
BRDA:491,77,0,59
BRDA:491,77,1,13
BRDA:508,78,0,3
BRDA:508,78,1,2
BRDA:508,79,0,5
BRDA:508,79,1,3
BRDA:508,79,2,2
BRDA:525,80,0,4
BRDA:525,80,1,2
BRDA:525,81,0,6
BRDA:525,81,1,5
BRDA:525,81,2,3
BRDA:529,82,0,1
BRDA:529,82,1,1
BRDA:541,83,0,5
BRDA:541,83,1,1
BRDA:541,84,0,6
BRDA:541,84,1,5
BRDA:541,84,2,4
BRDA:541,84,3,2
BRDA:554,85,0,2
BRDA:554,85,1,1
BRDA:567,86,0,2
BRDA:567,86,1,1
BRDA:588,87,0,22
BRDA:588,87,1,1
BRDA:599,88,0,1
BRDA:599,88,1,45
BRDA:605,89,0,1
BRDA:605,89,1,7
BRDA:611,90,0,1
BRDA:611,90,1,6
BRDA:614,91,0,0
BRDA:614,91,1,28
BRDA:620,92,0,1
BRDA:620,92,1,6
BRDA:620,93,0,7
BRDA:620,93,1,3
BRDA:626,94,0,2
BRDA:626,94,1,4
BRDA:627,95,0,0
BRDA:627,95,1,2
BRDA:650,96,0,6
BRDA:650,96,1,1
BRDA:663,97,0,0
BRDA:663,97,1,26
BRDA:675,98,0,25
BRDA:675,98,1,0
BRDA:699,99,0,8
BRDA:699,99,1,11
BRDA:699,100,0,19
BRDA:699,100,1,16
BRDA:699,100,2,15
BRDA:699,100,3,13
BRDA:704,101,0,3
BRDA:704,101,1,8
BRDA:708,102,0,2
BRDA:708,102,1,6
BRDA:714,103,0,2
BRDA:714,103,1,4
BRDA:714,104,0,6
BRDA:714,104,1,5
BRDA:718,105,0,1
BRDA:718,105,1,3
BRDA:734,106,0,2
BRDA:734,106,1,1
BRDA:742,107,0,0
BRDA:742,107,1,16
BRDA:748,108,0,0
BRDA:748,108,1,19
BRDA:748,109,0,19
BRDA:748,109,1,19
BRDA:753,110,0,15
BRDA:753,110,1,1
BRDA:770,111,0,31
BRDA:770,111,1,0
BRDA:800,112,0,3
BRDA:800,112,1,2
BRDA:800,113,0,5
BRDA:800,113,1,3
BRDA:804,114,0,1
BRDA:804,114,1,1
BRDA:813,115,0,3
BRDA:813,115,1,2
BRDA:813,116,0,5
BRDA:813,116,1,3
BRDA:817,117,0,1
BRDA:817,117,1,1
BRDA:843,118,0,2
BRDA:843,118,1,5
BRDA:843,119,0,7
BRDA:843,119,1,6
BRDA:847,120,0,3
BRDA:847,120,1,2
BRDA:847,121,0,5
BRDA:847,121,1,4
BRDA:851,122,0,1
BRDA:851,122,1,1
BRDA:862,123,0,3
BRDA:862,123,1,3
BRDA:866,124,0,2
BRDA:866,124,1,1
BRDA:877,125,0,5
BRDA:877,125,1,4
BRDA:877,126,0,9
BRDA:877,126,1,6
BRDA:881,127,0,2
BRDA:881,127,1,2
BRDA:897,128,0,1
BRDA:897,128,1,2
BRDA:904,129,0,5
BRDA:904,129,1,1
BRDA:904,130,0,6
BRDA:904,130,1,3
BRDA:948,131,0,2
BRDA:948,131,1,3
BRDA:948,132,0,5
BRDA:948,132,1,4
BRDA:954,133,0,1
BRDA:954,133,1,2
BRDA:998,134,0,3
BRDA:998,134,1,1
BRDA:1031,135,0,3
BRDA:1031,135,1,3
BRDA:1035,136,0,2
BRDA:1035,136,1,1
BRDA:1044,137,0,3
BRDA:1044,137,1,1
BRDA:1044,138,0,4
BRDA:1044,138,1,2
BRDA:1056,139,0,2
BRDA:1056,139,1,1
BRDA:1069,140,0,5
BRDA:1069,140,1,3
BRDA:1069,141,0,8
BRDA:1069,141,1,5
BRDA:1069,141,2,4
BRDA:1074,142,0,1
BRDA:1074,142,1,2
BRDA:1085,143,0,5
BRDA:1085,143,1,3
BRDA:1085,144,0,8
BRDA:1085,144,1,5
BRDA:1085,144,2,4
BRDA:1089,145,0,1
BRDA:1089,145,1,2
BRDA:1131,146,0,6
BRDA:1131,146,1,2
BRDA:1131,147,0,8
BRDA:1131,147,1,7
BRDA:1131,147,2,4
BRDA:1135,148,0,1
BRDA:1135,148,1,1
BRF:337
BRH:318
end_of_record
TN:
SF:formulas/functions/engineering.js
FN:18,parseIM
FN:47,(anonymous_1)
FN:58,(anonymous_2)
FN:69,(anonymous_3)
FN:81,(anonymous_4)
FN:93,(anonymous_5)
FN:108,(anonymous_6)
FN:138,(anonymous_7)
FN:167,(anonymous_8)
FN:184,(anonymous_9)
FN:202,(anonymous_10)
FN:219,(anonymous_11)
FN:225,(anonymous_12)
FN:242,(anonymous_13)
FN:273,(anonymous_14)
FN:300,(anonymous_15)
FN:328,(anonymous_16)
FN:356,(anonymous_17)
FN:363,(anonymous_18)
FN:369,(anonymous_19)
FN:374,(anonymous_20)
FN:380,(anonymous_21)
FN:414,(anonymous_22)
FN:427,(anonymous_23)
FN:440,(anonymous_24)
FN:445,(anonymous_25)
FN:449,(anonymous_26)
FN:482,(anonymous_27)
FN:487,(anonymous_28)
FN:495,(anonymous_29)
FN:502,(anonymous_30)
FN:509,(anonymous_31)
FN:514,(anonymous_32)
FN:519,(anonymous_33)
FN:535,(anonymous_34)
FN:542,(anonymous_35)
FN:548,(anonymous_36)
FN:555,(anonymous_37)
FN:562,(anonymous_38)
FN:576,(anonymous_39)
FN:579,(anonymous_40)
FN:597,(anonymous_41)
FN:601,(anonymous_42)
FN:605,(anonymous_43)
FN:609,(anonymous_44)
FN:617,(anonymous_45)
FN:624,(anonymous_46)
FN:633,(anonymous_47)
FN:645,(anonymous_48)
FN:647,(anonymous_49)
FN:658,(anonymous_50)
FN:664,(anonymous_51)
FN:720,(anonymous_52)
FN:739,(anonymous_53)
FNF:54
FNH:54
FNDA:245,parseIM
FNDA:8,(anonymous_1)
FNDA:7,(anonymous_2)
FNDA:7,(anonymous_3)
FNDA:8,(anonymous_4)
FNDA:9,(anonymous_5)
FNDA:17,(anonymous_6)
FNDA:12,(anonymous_7)
FNDA:17,(anonymous_8)
FNDA:24,(anonymous_9)
FNDA:11,(anonymous_10)
FNDA:13,(anonymous_11)
FNDA:9,(anonymous_12)
FNDA:94,(anonymous_13)
FNDA:8,(anonymous_14)
FNDA:24,(anonymous_15)
FNDA:12,(anonymous_16)
FNDA:11,(anonymous_17)
FNDA:4,(anonymous_18)
FNDA:3,(anonymous_19)
FNDA:8,(anonymous_20)
FNDA:7,(anonymous_21)
FNDA:17,(anonymous_22)
FNDA:6,(anonymous_23)
FNDA:12,(anonymous_24)
FNDA:12,(anonymous_25)
FNDA:17,(anonymous_26)
FNDA:7,(anonymous_27)
FNDA:15,(anonymous_28)
FNDA:9,(anonymous_29)
FNDA:4,(anonymous_30)
FNDA:4,(anonymous_31)
FNDA:4,(anonymous_32)
FNDA:21,(anonymous_33)
FNDA:4,(anonymous_34)
FNDA:4,(anonymous_35)
FNDA:4,(anonymous_36)
FNDA:4,(anonymous_37)
FNDA:4,(anonymous_38)
FNDA:8,(anonymous_39)
FNDA:24,(anonymous_40)
FNDA:18,(anonymous_41)
FNDA:3,(anonymous_42)
FNDA:3,(anonymous_43)
FNDA:12,(anonymous_44)
FNDA:8,(anonymous_45)
FNDA:4,(anonymous_46)
FNDA:6,(anonymous_47)
FNDA:4,(anonymous_48)
FNDA:16,(anonymous_49)
FNDA:5,(anonymous_50)
FNDA:19,(anonymous_51)
FNDA:43,(anonymous_52)
FNDA:27,(anonymous_53)
DA:1,1
DA:2,1
DA:3,1
DA:4,1
DA:5,1
DA:6,1
DA:7,1
DA:8,1
DA:9,1
DA:10,1
DA:11,1
DA:12,1
DA:14,1
DA:15,1
DA:16,1
DA:19,245
DA:20,245
DA:21,245
DA:22,79
DA:23,166
DA:24,27
DA:25,139
DA:26,139
DA:27,20
DA:28,20
DA:30,119
DA:31,119
DA:32,13
DA:33,13
DA:34,13
DA:36,106
DA:37,106
DA:38,89
DA:39,89
DA:40,89
DA:41,89
DA:43,17
DA:46,1
DA:48,8
DA:49,6
DA:51,6
DA:52,6
DA:53,1
DA:55,5
DA:59,7
DA:60,5
DA:62,5
DA:63,5
DA:64,1
DA:66,4
DA:70,7
DA:71,5
DA:73,5
DA:74,5
DA:75,1
DA:78,4
DA:82,8
DA:83,6
DA:85,6
DA:86,6
DA:87,1
DA:90,5
DA:94,9
DA:95,7
DA:97,7
DA:98,2
DA:101,5
DA:102,2
DA:104,3
DA:109,17
DA:110,15
DA:112,15
DA:113,15
DA:114,1
DA:116,14
DA:117,3
DA:120,11
DA:122,11
DA:123,2
DA:125,9
DA:126,1
DA:129,8
DA:130,8
DA:131,6
DA:133,2
DA:139,12
DA:140,10
DA:142,10
DA:143,10
DA:144,1
DA:146,9
DA:147,1
DA:150,8
DA:151,8
DA:152,2
DA:154,6
DA:155,1
DA:158,5
DA:159,5
DA:160,3
DA:162,2
DA:168,17
DA:169,16
DA:170,16
DA:171,3
DA:174,13
DA:175,2
DA:177,11
DA:178,2
DA:181,9
DA:185,24
DA:186,24
DA:187,24
DA:188,24
DA:189,3
DA:192,21
DA:193,5
DA:195,16
DA:196,16
DA:197,1
DA:199,15
DA:203,11
DA:204,11
DA:205,11
DA:206,2
DA:209,9
DA:210,2
DA:212,7
DA:213,2
DA:216,5
DA:220,13
DA:221,13
DA:222,13
DA:226,9
DA:227,9
DA:228,9
DA:229,3
DA:231,6
DA:232,3
DA:239,3
DA:243,94
DA:244,93
DA:245,92
DA:246,92
DA:247,2
DA:249,90
DA:250,20
DA:251,70
DA:252,5
DA:253,2
DA:254,3
DA:255,2
DA:257,1
DA:259,65
DA:260,14
DA:262,51
DA:263,51
DA:264,4
DA:265,47
DA:266,1
DA:268,46
DA:274,8
DA:275,8
DA:276,8
DA:277,2
DA:281,6
DA:282,1
DA:285,5
DA:286,5
DA:287,1
DA:290,4
DA:291,4
DA:292,2
DA:294,2
DA:295,1
DA:296,1
DA:301,24
DA:302,24
DA:303,24
DA:304,1
DA:308,23
DA:309,7
DA:312,16
DA:314,16
DA:315,11
DA:318,5
DA:319,5
DA:320,2
DA:322,3
DA:323,2
DA:324,1
DA:329,12
DA:330,12
DA:331,12
DA:332,2
DA:336,10
DA:337,3
DA:340,7
DA:342,7
DA:343,1
DA:346,6
DA:347,6
DA:348,3
DA:350,3
DA:351,1
DA:352,2
DA:357,11
DA:358,9
DA:360,8
DA:364,4
DA:365,3
DA:366,3
DA:370,3
DA:371,2
DA:375,8
DA:376,8
DA:377,7
DA:381,7
DA:382,7
DA:384,7
DA:385,0
DA:388,7
DA:390,7
DA:392,7
DA:393,1
DA:396,6
DA:397,1
DA:400,5
DA:402,5
DA:403,1
DA:406,4
DA:407,4
DA:408,3
DA:410,1
DA:415,17
DA:416,17
DA:417,1
DA:419,16
DA:424,16
DA:428,6
DA:429,6
DA:430,0
DA:433,6
DA:434,6
DA:435,2
DA:437,4
DA:441,12
DA:442,11
DA:446,12
DA:450,17
DA:452,15
DA:453,4
DA:456,11
DA:457,2
DA:460,9
DA:461,1
DA:464,8
DA:465,1
DA:468,7
DA:469,1
DA:472,6
DA:473,4
DA:474,2
DA:475,1
DA:477,1
DA:483,7
DA:484,6
DA:488,15
DA:489,10
DA:490,10
DA:492,10
DA:496,9
DA:497,6
DA:498,6
DA:499,6
DA:503,4
DA:504,4
DA:505,2
DA:506,2
DA:510,4
DA:511,4
DA:515,4
DA:516,4
DA:520,21
DA:521,18
DA:523,18
DA:524,17
DA:526,17
DA:527,6
DA:529,11
DA:531,11
DA:532,11
DA:536,4
DA:538,3
DA:539,3
DA:543,4
DA:544,3
DA:549,4
DA:550,3
DA:551,3
DA:552,3
DA:556,4
DA:557,3
DA:558,3
DA:559,3
DA:563,4
DA:564,3
DA:567,2
DA:569,2
DA:571,1
DA:572,1
DA:573,1
DA:578,8
DA:579,8
DA:580,24
DA:581,8
DA:582,8
DA:584,16
DA:585,16
DA:586,16
DA:587,15
DA:588,15
DA:589,1
DA:590,14
DA:592,20
DA:594,4
DA:598,18
DA:602,3
DA:606,3
DA:610,12
DA:612,9
DA:613,9
DA:614,9
DA:618,8
DA:619,5
DA:620,5
DA:621,5
DA:625,4
DA:627,3
DA:629,3
DA:630,2
DA:634,6
DA:635,5
DA:636,5
DA:637,4
DA:639,4
DA:640,1
DA:642,3
DA:646,4
DA:647,4
DA:648,16
DA:649,15
DA:650,15
DA:651,1
DA:652,14
DA:653,14
DA:655,2
DA:659,5
DA:660,2
DA:667,19
DA:668,19
DA:671,18
DA:672,2
DA:675,16
DA:676,2
DA:680,14
DA:681,1
DA:685,13
DA:688,13
DA:690,13
DA:694,12
DA:695,1
DA:699,11
DA:700,1
DA:704,10
DA:708,10
DA:709,1
DA:713,9
DA:714,1
DA:717,8
DA:721,43
DA:723,43
DA:724,1
DA:728,42
DA:729,202
DA:730,4
DA:734,36
DA:735,36
DA:740,27
DA:741,27
DA:742,26
DA:743,2
DA:746,24
DA:747,126
DA:748,3
DA:752,20
DA:754,20
DA:755,4
DA:759,16
DA:763,16
DA:765,16
DA:766,3
DA:768,13
DA:769,2
DA:771,11
DA:776,1
LF:406
LH:404
BRDA:21,0,0,79
BRDA:21,0,1,166
BRDA:23,1,0,27
BRDA:23,1,1,139
BRDA:26,2,0,20
BRDA:26,2,1,119
BRDA:31,3,0,13
BRDA:31,3,1,106
BRDA:32,4,0,7
BRDA:32,4,1,6
BRDA:37,5,0,89
BRDA:37,5,1,17
BRDA:39,6,0,13
BRDA:39,6,1,76
BRDA:52,7,0,1
BRDA:52,7,1,5
BRDA:63,8,0,1
BRDA:63,8,1,4
BRDA:74,9,0,1
BRDA:74,9,1,4
BRDA:86,10,0,1
BRDA:86,10,1,5
BRDA:97,11,0,2
BRDA:97,11,1,5
BRDA:101,12,0,2
BRDA:101,12,1,3
BRDA:101,13,0,5
BRDA:101,13,1,2
BRDA:113,14,0,1
BRDA:113,14,1,14
BRDA:116,15,0,3
BRDA:116,15,1,11
BRDA:116,16,0,14
BRDA:116,16,1,3
BRDA:122,17,0,2
BRDA:122,17,1,9
BRDA:125,18,0,1
BRDA:125,18,1,8
BRDA:130,19,0,6
BRDA:130,19,1,2
BRDA:143,20,0,1
BRDA:143,20,1,9
BRDA:146,21,0,1
BRDA:146,21,1,8
BRDA:146,22,0,9
BRDA:146,22,1,1
BRDA:151,23,0,2
BRDA:151,23,1,6
BRDA:154,24,0,1
BRDA:154,24,1,5
BRDA:159,25,0,3
BRDA:159,25,1,2
BRDA:170,26,0,3
BRDA:170,26,1,13
BRDA:170,27,0,16
BRDA:170,27,1,14
BRDA:174,28,0,2
BRDA:174,28,1,11
BRDA:174,29,0,13
BRDA:174,29,1,12
BRDA:177,30,0,2
BRDA:177,30,1,9
BRDA:177,31,0,11
BRDA:177,31,1,10
BRDA:188,32,0,3
BRDA:188,32,1,21
BRDA:192,33,0,5
BRDA:192,33,1,16
BRDA:192,34,0,21
BRDA:192,34,1,20
BRDA:192,34,2,18
BRDA:195,35,0,7
BRDA:195,35,1,9
BRDA:196,36,0,1
BRDA:196,36,1,15
BRDA:205,37,0,2
BRDA:205,37,1,9
BRDA:205,38,0,11
BRDA:205,38,1,10
BRDA:209,39,0,2
BRDA:209,39,1,7
BRDA:209,40,0,9
BRDA:209,40,1,8
BRDA:212,41,0,2
BRDA:212,41,1,5
BRDA:212,42,0,7
BRDA:212,42,1,6
BRDA:228,43,0,3
BRDA:228,43,1,6
BRDA:228,44,0,9
BRDA:228,44,1,8
BRDA:228,44,2,7
BRDA:231,45,0,3
BRDA:231,45,1,3
BRDA:231,46,0,6
BRDA:231,46,1,5
BRDA:231,46,2,4
BRDA:246,47,0,2
BRDA:246,47,1,90
BRDA:246,48,0,92
BRDA:246,48,1,14
BRDA:249,49,0,20
BRDA:249,49,1,70
BRDA:249,50,0,90
BRDA:249,50,1,25
BRDA:251,51,0,5
BRDA:251,51,1,65
BRDA:252,52,0,2
BRDA:252,52,1,3
BRDA:254,53,0,2
BRDA:254,53,1,1
BRDA:259,54,0,14
BRDA:259,54,1,51
BRDA:262,55,0,35
BRDA:262,55,1,16
BRDA:263,56,0,4
BRDA:263,56,1,47
BRDA:265,57,0,1
BRDA:265,57,1,46
BRDA:276,58,0,2
BRDA:276,58,1,6
BRDA:276,59,0,8
BRDA:276,59,1,7
BRDA:281,60,0,1
BRDA:281,60,1,5
BRDA:286,61,0,1
BRDA:286,61,1,4
BRDA:291,62,0,2
BRDA:291,62,1,2
BRDA:294,63,0,1
BRDA:294,63,1,1
BRDA:303,64,0,1
BRDA:303,64,1,23
BRDA:303,65,0,24
BRDA:303,65,1,23
BRDA:308,66,0,7
BRDA:308,66,1,16
BRDA:314,67,0,11
BRDA:314,67,1,5
BRDA:319,68,0,2
BRDA:319,68,1,3
BRDA:322,69,0,2
BRDA:322,69,1,1
BRDA:331,70,0,2
BRDA:331,70,1,10
BRDA:331,71,0,12
BRDA:331,71,1,11
BRDA:336,72,0,3
BRDA:336,72,1,7
BRDA:342,73,0,1
BRDA:342,73,1,6
BRDA:347,74,0,3
BRDA:347,74,1,3
BRDA:350,75,0,1
BRDA:350,75,1,2
BRDA:360,76,0,5
BRDA:360,76,1,3
BRDA:377,77,0,6
BRDA:377,77,1,1
BRDA:384,78,0,0
BRDA:384,78,1,7
BRDA:384,79,0,7
BRDA:384,79,1,7
BRDA:388,80,0,7
BRDA:388,80,1,2
BRDA:390,81,0,2
BRDA:390,81,1,5
BRDA:392,82,0,1
BRDA:392,82,1,6
BRDA:392,83,0,7
BRDA:392,83,1,6
BRDA:396,84,0,1
BRDA:396,84,1,5
BRDA:402,85,0,1
BRDA:402,85,1,4
BRDA:407,86,0,3
BRDA:407,86,1,1
BRDA:407,87,0,4
BRDA:407,87,1,2
BRDA:416,88,0,1
BRDA:416,88,1,16
BRDA:416,89,0,17
BRDA:416,89,1,17
BRDA:424,90,0,7
BRDA:424,90,1,9
BRDA:429,91,0,0
BRDA:429,91,1,6
BRDA:429,92,0,6
BRDA:429,92,1,6
BRDA:434,93,0,2
BRDA:434,93,1,4
BRDA:434,94,0,6
BRDA:434,94,1,5
BRDA:452,95,0,4
BRDA:452,95,1,11
BRDA:452,96,0,15
BRDA:452,96,1,7
BRDA:456,97,0,2
BRDA:456,97,1,9
BRDA:456,98,0,11
BRDA:456,98,1,3
BRDA:460,99,0,1
BRDA:460,99,1,8
BRDA:460,100,0,9
BRDA:460,100,1,1
BRDA:464,101,0,1
BRDA:464,101,1,7
BRDA:464,102,0,8
BRDA:464,102,1,3
BRDA:468,103,0,1
BRDA:468,103,1,6
BRDA:468,104,0,7
BRDA:468,104,1,5
BRDA:472,105,0,4
BRDA:472,105,1,2
BRDA:474,106,0,1
BRDA:474,106,1,1
BRDA:474,107,0,2
BRDA:474,107,1,2
BRDA:484,108,0,4
BRDA:484,108,1,2
BRDA:526,109,0,6
BRDA:526,109,1,11
BRDA:526,110,0,17
BRDA:526,110,1,5
BRDA:526,110,2,12
BRDA:580,111,0,8
BRDA:580,111,1,16
BRDA:588,112,0,1
BRDA:588,112,1,14
BRDA:639,113,0,1
BRDA:639,113,1,3
BRDA:649,114,0,3
BRDA:649,114,1,12
BRDA:650,115,0,1
BRDA:650,115,1,14
BRDA:671,116,0,2
BRDA:671,116,1,16
BRDA:675,117,0,2
BRDA:675,117,1,14
BRDA:680,118,0,1
BRDA:680,118,1,13
BRDA:680,119,0,14
BRDA:680,119,1,11
BRDA:688,120,0,13
BRDA:688,120,1,1
BRDA:694,121,0,1
BRDA:694,121,1,11
BRDA:694,122,0,12
BRDA:694,122,1,12
BRDA:699,123,0,1
BRDA:699,123,1,10
BRDA:708,124,0,1
BRDA:708,124,1,9
BRDA:713,125,0,1
BRDA:713,125,1,8
BRDA:723,126,0,1
BRDA:723,126,1,42
BRDA:729,127,0,4
BRDA:729,127,1,198
BRDA:729,128,0,202
BRDA:729,128,1,201
BRDA:735,129,0,11
BRDA:735,129,1,25
BRDA:742,130,0,2
BRDA:742,130,1,24
BRDA:747,131,0,3
BRDA:747,131,1,123
BRDA:747,132,0,126
BRDA:747,132,1,125
BRDA:754,133,0,4
BRDA:754,133,1,16
BRDA:754,134,0,20
BRDA:754,134,1,17
BRDA:765,135,0,3
BRDA:765,135,1,13
BRDA:768,136,0,2
BRDA:768,136,1,11
BRF:278
BRH:276
end_of_record
TN:
SF:formulas/functions/information.js
FN:12,(anonymous_0)
FN:16,(anonymous_1)
FN:23,(anonymous_2)
FN:26,(anonymous_3)
FN:33,(anonymous_4)
FN:38,(anonymous_5)
FN:43,(anonymous_6)
FN:49,(anonymous_7)
FN:54,(anonymous_8)
FN:59,(anonymous_9)
FN:64,(anonymous_10)
FN:69,(anonymous_11)
FN:83,(anonymous_12)
FN:88,(anonymous_13)
FN:100,(anonymous_14)
FN:104,(anonymous_15)
FNF:16
FNH:16
FNDA:17,(anonymous_0)
FNDA:8,(anonymous_1)
FNDA:1,(anonymous_2)
FNDA:536,(anonymous_3)
FNDA:18,(anonymous_4)
FNDA:740,(anonymous_5)
FNDA:5,(anonymous_6)
FNDA:4,(anonymous_7)
FNDA:11,(anonymous_8)
FNDA:2,(anonymous_9)
FNDA:560,(anonymous_10)
FNDA:8,(anonymous_11)
FNDA:22,(anonymous_12)
FNDA:9,(anonymous_13)
FNDA:45,(anonymous_14)
FNDA:8,(anonymous_15)
DA:1,1
DA:2,1
DA:3,1
DA:5,1
DA:10,1
DA:17,8
DA:18,8
DA:19,7
DA:20,1
DA:27,536
DA:28,40
DA:30,496
DA:34,18
DA:35,18
DA:39,740
DA:40,740
DA:44,5
DA:45,5
DA:46,5
DA:50,4
DA:51,4
DA:55,11
DA:56,11
DA:60,2
DA:61,2
DA:65,560
DA:66,560
DA:70,8
DA:71,4
DA:72,4
DA:73,1
DA:75,3
DA:77,2
DA:79,1
DA:80,1
DA:84,22
DA:85,22
DA:89,9
DA:90,9
DA:91,9
DA:92,5
DA:93,4
DA:94,2
DA:95,2
DA:96,1
DA:97,1
DA:101,45
DA:106,8
DA:107,1
DA:108,0
DA:109,1
DA:110,1
DA:112,1
DA:113,1
DA:116,7
DA:117,7
DA:118,7
DA:119,2
DA:120,5
DA:121,2
DA:122,3
DA:123,1
DA:124,2
DA:125,1
DA:126,1
DA:127,1
DA:132,1
LF:67
LH:66
BRDA:18,0,0,7
BRDA:18,0,1,1
BRDA:27,1,0,40
BRDA:27,1,1,496
BRDA:30,2,0,496
BRDA:30,2,1,494
BRDA:35,3,0,18
BRDA:35,3,1,3
BRDA:56,4,0,11
BRDA:56,4,1,3
BRDA:70,5,0,4
BRDA:70,5,1,4
BRDA:72,6,0,1
BRDA:72,6,1,3
BRDA:72,7,0,4
BRDA:72,7,1,2
BRDA:72,7,2,2
BRDA:75,8,0,2
BRDA:75,8,1,1
BRDA:75,9,0,3
BRDA:75,9,1,2
BRDA:75,9,2,2
BRDA:75,9,3,2
BRDA:75,9,4,2
BRDA:80,10,0,1
BRDA:80,10,1,0
BRDA:91,11,0,5
BRDA:91,11,1,4
BRDA:93,12,0,2
BRDA:93,12,1,2
BRDA:95,13,0,1
BRDA:95,13,1,1
BRDA:106,14,0,1
BRDA:106,14,1,7
BRDA:107,15,0,0
BRDA:107,15,1,1
BRDA:109,16,0,1
BRDA:109,16,1,0
BRDA:112,17,0,1
BRDA:112,17,1,0
BRDA:112,18,0,1
BRDA:112,18,1,1
BRDA:118,19,0,2
BRDA:118,19,1,5
BRDA:120,20,0,2
BRDA:120,20,1,3
BRDA:122,21,0,1
BRDA:122,21,1,2
BRDA:124,22,0,1
BRDA:124,22,1,1
BRDA:126,23,0,1
BRDA:126,23,1,0
BRF:52
BRH:47
end_of_record
TN:
SF:formulas/functions/logical.js
FN:13,getNumLogicalValue
FN:15,(anonymous_1)
FN:36,(anonymous_2)
FN:46,(anonymous_3)
FN:51,(anonymous_4)
FN:59,(anonymous_5)
FN:63,(anonymous_6)
FN:69,(anonymous_7)
FN:83,(anonymous_8)
FN:88,(anonymous_9)
FN:98,(anonymous_10)
FN:102,(anonymous_11)
FN:106,(anonymous_12)
FNF:13
FNH:13
FNDA:9443,getNumLogicalValue
FNDA:20264,(anonymous_1)
FNDA:4582,(anonymous_2)
FNDA:1,(anonymous_3)
FNDA:23235,(anonymous_4)
FNDA:2473,(anonymous_5)
FNDA:4,(anonymous_6)
FNDA:6,(anonymous_7)
FNDA:172,(anonymous_8)
FNDA:4851,(anonymous_9)
FNDA:1,(anonymous_10)
FNDA:9,(anonymous_11)
FNDA:10,(anonymous_12)
DA:1,1
DA:2,1
DA:3,1
DA:14,9443
DA:15,9443
DA:16,20264
DA:17,20264
DA:18,24
DA:19,4
DA:20,20
DA:21,2
DA:22,20240
DA:23,189
DA:25,20264
DA:26,20218
DA:27,2402
DA:29,17816
DA:32,9443
DA:35,1
DA:37,4582
DA:40,4582
DA:41,3
DA:43,4579
DA:47,1
DA:52,23235
DA:53,22859
DA:54,22859
DA:56,22859
DA:60,2473
DA:64,4
DA:65,2
DA:66,2
DA:70,6
DA:71,2
DA:73,4
DA:74,8
DA:75,7
DA:76,7
DA:77,2
DA:80,1
DA:84,172
DA:85,172
DA:89,4851
DA:92,4851
DA:93,5
DA:95,4846
DA:103,9
DA:107,10
DA:110,10
DA:111,1
DA:113,9
DA:117,1
LF:52
LH:52
BRDA:17,0,0,24
BRDA:17,0,1,20240
BRDA:18,1,0,4
BRDA:18,1,1,20
BRDA:20,2,0,2
BRDA:20,2,1,18
BRDA:22,3,0,189
BRDA:22,3,1,20051
BRDA:25,4,0,20218
BRDA:25,4,1,46
BRDA:26,5,0,2402
BRDA:26,5,1,17816
BRDA:40,6,0,3
BRDA:40,6,1,4579
BRDA:40,7,0,4582
BRDA:40,7,1,3225
BRDA:43,8,0,4579
BRDA:43,8,1,1357
BRDA:56,9,0,4001
BRDA:56,9,1,18858
BRDA:60,10,0,2472
BRDA:60,10,1,1
BRDA:64,11,0,2
BRDA:64,11,1,2
BRDA:66,12,0,1
BRDA:66,12,1,1
BRDA:70,13,0,2
BRDA:70,13,1,4
BRDA:76,14,0,2
BRDA:76,14,1,5
BRDA:92,15,0,5
BRDA:92,15,1,4846
BRDA:92,16,0,4851
BRDA:92,16,1,4544
BRDA:110,17,0,1
BRDA:110,17,1,9
BRDA:110,18,0,10
BRDA:110,18,1,2
BRF:38
BRH:38
end_of_record
TN:
SF:formulas/functions/math.js
FN:11,factorial
FN:19,factorialDouble
FN:31,(anonymous_2)
FN:36,(anonymous_3)
FN:41,(anonymous_4)
FN:48,(anonymous_5)
FN:68,(anonymous_6)
FN:84,(anonymous_7)
FN:102,(anonymous_8)
FN:116,(anonymous_9)
FN:123,(anonymous_10)
FN:132,(anonymous_11)
FN:143,(anonymous_12)
FN:155,(anonymous_13)
FN:160,(anonymous_14)
FN:164,(anonymous_15)
FN:169,(anonymous_16)
FN:180,(anonymous_17)
FN:191,(anonymous_18)
FN:212,(anonymous_19)
FN:228,(anonymous_20)
FN:235,(anonymous_21)
FN:238,(anonymous_22)
FN:264,(anonymous_23)
FN:269,(anonymous_24)
FN:273,(anonymous_25)
FN:277,(anonymous_26)
FN:300,(anonymous_27)
FN:305,(anonymous_28)
FN:312,(anonymous_29)
FN:317,(anonymous_30)
FN:346,(anonymous_31)
FN:354,(anonymous_32)
FN:379,(anonymous_33)
FN:388,(anonymous_34)
FN:400,(anonymous_35)
FN:402,(anonymous_36)
FN:411,(anonymous_37)
FN:427,(anonymous_38)
FN:436,(anonymous_39)
FN:440,(anonymous_40)
FN:446,(anonymous_41)
FN:448,(anonymous_42)
FN:460,(anonymous_43)
FN:466,(anonymous_44)
FN:471,(anonymous_45)
FN:475,(anonymous_46)
FN:481,(anonymous_47)
FN:497,(anonymous_48)
FN:512,(anonymous_49)
FN:530,(anonymous_50)
FN:548,(anonymous_51)
FN:553,(anonymous_52)
FN:567,(anonymous_53)
FN:572,(anonymous_54)
FN:579,(anonymous_55)
FN:586,(anonymous_56)
FN:590,(anonymous_57)
FN:594,(anonymous_58)
FN:609,(anonymous_59)
FN:620,(anonymous_60)
FN:621,(anonymous_61)
FN:639,(anonymous_62)
FN:643,(anonymous_63)
FN:645,(anonymous_64)
FN:661,(anonymous_65)
FN:662,(anonymous_66)
FN:670,(anonymous_67)
FN:674,(anonymous_68)
FN:686,(anonymous_69)
FN:689,(anonymous_70)
FN:692,(anonymous_71)
FN:704,(anonymous_72)
FN:707,(anonymous_73)
FN:710,(anonymous_74)
FN:722,(anonymous_75)
FN:725,(anonymous_76)
FN:728,(anonymous_77)
FN:740,(anonymous_78)
FNF:79
FNH:79
FNDA:78,factorial
FNDA:11,factorialDouble
FNDA:159,(anonymous_2)
FNDA:1,(anonymous_3)
FNDA:4,(anonymous_4)
FNDA:4,(anonymous_5)
FNDA:14,(anonymous_6)
FNDA:41,(anonymous_7)
FNDA:6,(anonymous_8)
FNDA:14,(anonymous_9)
FNDA:36,(anonymous_10)
FNDA:7,(anonymous_11)
FNDA:8,(anonymous_12)
FNDA:12,(anonymous_13)
FNDA:6,(anonymous_14)
FNDA:225,(anonymous_15)
FNDA:109,(anonymous_16)
FNDA:8,(anonymous_17)
FNDA:35,(anonymous_18)
FNDA:15,(anonymous_19)
FNDA:8,(anonymous_20)
FNDA:18,(anonymous_21)
FNDA:69,(anonymous_22)
FNDA:277,(anonymous_23)
FNDA:7,(anonymous_24)
FNDA:15,(anonymous_25)
FNDA:63,(anonymous_26)
FNDA:172,(anonymous_27)
FNDA:63,(anonymous_28)
FNDA:40,(anonymous_29)
FNDA:6,(anonymous_30)
FNDA:29,(anonymous_31)
FNDA:85,(anonymous_32)
FNDA:19,(anonymous_33)
FNDA:9,(anonymous_34)
FNDA:4,(anonymous_35)
FNDA:24,(anonymous_36)
FNDA:3,(anonymous_37)
FNDA:7,(anonymous_38)
FNDA:264,(anonymous_39)
FNDA:14,(anonymous_40)
FNDA:93,(anonymous_41)
FNDA:263,(anonymous_42)
FNDA:5,(anonymous_43)
FNDA:42,(anonymous_44)
FNDA:36,(anonymous_45)
FNDA:3,(anonymous_46)
FNDA:2,(anonymous_47)
FNDA:1473,(anonymous_48)
FNDA:16,(anonymous_49)
FNDA:39,(anonymous_50)
FNDA:3,(anonymous_51)
FNDA:9,(anonymous_52)
FNDA:8,(anonymous_53)
FNDA:294,(anonymous_54)
FNDA:4,(anonymous_55)
FNDA:32,(anonymous_56)
FNDA:25039,(anonymous_57)
FNDA:26781,(anonymous_58)
FNDA:166,(anonymous_59)
FNDA:202,(anonymous_60)
FNDA:206,(anonymous_61)
FNDA:1,(anonymous_62)
FNDA:145,(anonymous_63)
FNDA:145,(anonymous_64)
FNDA:146,(anonymous_65)
FNDA:152,(anonymous_66)
FNDA:8,(anonymous_67)
FNDA:27,(anonymous_68)
FNDA:5,(anonymous_69)
FNDA:36,(anonymous_70)
FNDA:29,(anonymous_71)
FNDA:5,(anonymous_72)
FNDA:36,(anonymous_73)
FNDA:29,(anonymous_74)
FNDA:5,(anonymous_75)
FNDA:36,(anonymous_76)
FNDA:29,(anonymous_77)
FNDA:12,(anonymous_78)
DA:1,1
DA:2,1
DA:3,1
DA:4,1
DA:9,1
DA:12,78
DA:13,27
DA:14,51
DA:15,1
DA:16,50
DA:20,11
DA:21,4
DA:22,7
DA:23,1
DA:24,6
DA:25,1
DA:26,5
DA:30,1
DA:32,159
DA:33,120
DA:42,4
DA:44,3
DA:45,1
DA:47,2
DA:48,2
DA:49,4
DA:65,2
DA:69,14
DA:70,14
DA:71,2
DA:72,12
DA:73,12
DA:74,3
DA:75,9
DA:76,9
DA:77,1
DA:80,8
DA:81,8
DA:85,41
DA:86,41
DA:87,41
DA:88,5
DA:89,36
DA:90,11
DA:91,25
DA:92,25
DA:93,25
DA:95,12
DA:96,12
DA:98,13
DA:103,6
DA:104,6
DA:106,6
DA:108,6
DA:109,3
DA:112,3
DA:113,3
DA:117,14
DA:118,14
DA:120,14
DA:124,36
DA:125,36
DA:126,36
DA:127,3
DA:128,33
DA:129,33
DA:133,7
DA:134,7
DA:136,7
DA:137,3
DA:138,4
DA:139,2
DA:140,2
DA:144,8
DA:145,8
DA:146,8
DA:147,8
DA:148,3
DA:149,5
DA:150,5
DA:151,1
DA:152,4
DA:156,12
DA:157,5
DA:161,6
DA:165,225
DA:166,186
DA:170,109
DA:171,109
DA:173,109
DA:174,1
DA:175,108
DA:176,106
DA:177,2
DA:181,8
DA:182,8
DA:184,8
DA:185,1
DA:186,7
DA:187,1
DA:188,6
DA:192,35
DA:193,35
DA:194,35
DA:195,7
DA:196,28
DA:197,1
DA:198,27
DA:199,3
DA:200,24
DA:201,24
DA:202,24
DA:204,12
DA:205,12
DA:208,12
DA:213,15
DA:214,15
DA:218,15
DA:220,15
DA:222,13
DA:225,2
DA:229,8
DA:230,8
DA:232,8
DA:236,18
DA:237,18
DA:240,69
DA:241,69
DA:242,66
DA:243,1
DA:244,65
DA:246,3
DA:250,13
DA:251,13
DA:253,13
DA:254,30
DA:256,30
DA:257,34
DA:259,30
DA:261,13
DA:265,277
DA:266,274
DA:270,7
DA:274,15
DA:276,15
DA:278,63
DA:279,63
DA:280,60
DA:281,1
DA:282,59
DA:286,3
DA:289,10
DA:290,10
DA:291,37
DA:292,37
DA:293,48
DA:295,37
DA:297,10
DA:301,172
DA:302,96
DA:306,63
DA:307,57
DA:309,57
DA:313,40
DA:314,27
DA:318,6
DA:319,6
DA:320,1
DA:322,4
DA:323,4
DA:325,4
DA:326,2
DA:327,2
DA:328,1
DA:331,1
DA:332,3
DA:333,3
DA:335,3
DA:336,6
DA:337,6
DA:340,3
DA:343,1
DA:355,85
DA:356,85
DA:358,84
DA:359,83
DA:360,83
DA:362,83
DA:363,0
DA:365,83
DA:366,87
DA:367,87
DA:368,93
DA:369,93
DA:370,106
DA:371,106
DA:372,104
DA:376,81
DA:380,19
DA:381,19
DA:382,19
DA:383,2
DA:384,17
DA:389,9
DA:390,9
DA:391,9
DA:392,2
DA:393,7
DA:394,1
DA:395,6
DA:396,1
DA:397,5
DA:401,4
DA:402,4
DA:403,24
DA:404,1
DA:405,23
DA:406,23
DA:408,3
DA:412,3
DA:413,3
DA:414,3
DA:415,11
DA:416,11
DA:417,101
DA:418,11
DA:420,90
DA:422,11
DA:424,3
DA:428,7
DA:429,7
DA:430,2
DA:431,5
DA:432,5
DA:433,5
DA:437,264
DA:441,14
DA:442,12
DA:443,12
DA:447,93
DA:448,93
DA:449,263
DA:450,263
DA:451,61
DA:453,202
DA:454,201
DA:457,93
DA:461,5
DA:462,5
DA:463,5
DA:467,42
DA:468,23
DA:472,36
DA:476,3
DA:477,3
DA:478,3
DA:482,2
DA:483,2
DA:484,2
DA:485,0
DA:488,2
DA:489,2
DA:490,2
DA:491,2
DA:492,6
DA:494,2
DA:498,1473
DA:499,1335
DA:501,1330
DA:502,1330
DA:503,1330
DA:504,264
DA:505,1066
DA:506,1046
DA:508,20
DA:513,16
DA:514,10
DA:516,10
DA:517,10
DA:518,10
DA:519,2
DA:520,2
DA:521,8
DA:522,7
DA:523,7
DA:525,1
DA:526,1
DA:531,39
DA:532,37
DA:534,37
DA:535,37
DA:536,37
DA:537,23
DA:538,23
DA:539,14
DA:540,13
DA:541,13
DA:543,1
DA:544,1
DA:549,3
DA:550,3
DA:551,3
DA:552,3
DA:553,3
DA:554,9
DA:555,1
DA:557,8
DA:558,3
DA:560,5
DA:562,8
DA:564,2
DA:568,8
DA:569,8
DA:573,294
DA:574,234
DA:575,2
DA:576,232
DA:580,4
DA:581,4
DA:582,1
DA:583,3
DA:592,25039
DA:593,25039
DA:596,26781
DA:597,1279
DA:599,25502
DA:600,25494
DA:603,24829
DA:610,166
DA:611,165
DA:612,165
DA:614,165
DA:615,165
DA:617,165
DA:618,165
DA:620,165
DA:621,202
DA:622,206
DA:623,206
DA:624,0
DA:626,206
DA:627,6
DA:628,3
DA:631,200
DA:632,129
DA:636,165
DA:644,145
DA:645,145
DA:646,145
DA:647,145
DA:648,1
DA:649,143
DA:650,146
DA:651,152
DA:652,1
DA:653,152
DA:654,1
DA:655,152
DA:659,143
DA:661,143
DA:662,146
DA:663,152
DA:667,143
DA:672,8
DA:673,8
DA:676,27
DA:677,21
DA:679,6
DA:680,5
DA:683,8
DA:687,5
DA:688,5
DA:689,5
DA:690,36
DA:692,5
DA:693,29
DA:695,5
DA:696,1
DA:697,4
DA:698,22
DA:699,21
DA:701,4
DA:705,5
DA:706,5
DA:707,5
DA:708,36
DA:710,5
DA:711,29
DA:713,5
DA:714,1
DA:715,4
DA:716,22
DA:717,21
DA:719,4
DA:723,5
DA:724,5
DA:725,5
DA:726,36
DA:728,5
DA:729,29
DA:731,5
DA:732,1
DA:733,4
DA:734,22
DA:735,21
DA:737,4
DA:741,12
DA:742,10
DA:747,1
LF:409
LH:406
BRDA:12,0,0,27
BRDA:12,0,1,51
BRDA:14,1,0,1
BRDA:14,1,1,50
BRDA:20,2,0,4
BRDA:20,2,1,7
BRDA:20,3,0,11
BRDA:20,3,1,9
BRDA:22,4,0,1
BRDA:22,4,1,6
BRDA:24,5,0,1
BRDA:24,5,1,5
BRDA:44,6,0,1
BRDA:44,6,1,2
BRDA:70,7,0,2
BRDA:70,7,1,12
BRDA:70,8,0,14
BRDA:70,8,1,13
BRDA:73,9,0,3
BRDA:73,9,1,9
BRDA:73,10,0,12
BRDA:73,10,1,10
BRDA:76,11,0,1
BRDA:76,11,1,8
BRDA:87,12,0,5
BRDA:87,12,1,36
BRDA:89,13,0,11
BRDA:89,13,1,25
BRDA:93,14,0,12
BRDA:93,14,1,13
BRDA:96,15,0,3
BRDA:96,15,1,9
BRDA:104,16,0,2
BRDA:104,16,1,4
BRDA:108,17,0,3
BRDA:108,17,1,3
BRDA:112,18,0,1
BRDA:112,18,1,2
BRDA:126,19,0,3
BRDA:126,19,1,33
BRDA:126,20,0,36
BRDA:126,20,1,35
BRDA:126,20,2,34
BRDA:136,21,0,3
BRDA:136,21,1,4
BRDA:136,22,0,7
BRDA:136,22,1,5
BRDA:136,22,2,5
BRDA:138,23,0,2
BRDA:138,23,1,2
BRDA:138,24,0,4
BRDA:138,24,1,3
BRDA:147,25,0,3
BRDA:147,25,1,5
BRDA:147,26,0,8
BRDA:147,26,1,6
BRDA:150,27,0,1
BRDA:150,27,1,4
BRDA:173,28,0,1
BRDA:173,28,1,108
BRDA:173,29,0,109
BRDA:173,29,1,109
BRDA:175,30,0,106
BRDA:175,30,1,2
BRDA:184,31,0,1
BRDA:184,31,1,7
BRDA:186,32,0,1
BRDA:186,32,1,6
BRDA:194,33,0,7
BRDA:194,33,1,28
BRDA:196,34,0,1
BRDA:196,34,1,27
BRDA:196,35,0,28
BRDA:196,35,1,13
BRDA:198,36,0,3
BRDA:198,36,1,24
BRDA:202,37,0,12
BRDA:202,37,1,12
BRDA:205,38,0,1
BRDA:205,38,1,11
BRDA:214,39,0,6
BRDA:214,39,1,9
BRDA:220,40,0,13
BRDA:220,40,1,2
BRDA:220,41,0,15
BRDA:220,41,1,2
BRDA:240,42,0,1
BRDA:240,42,1,68
BRDA:241,43,0,66
BRDA:241,43,1,3
BRDA:242,44,0,1
BRDA:242,44,1,65
BRDA:242,45,0,66
BRDA:242,45,1,66
BRDA:256,46,0,64
BRDA:256,46,1,52
BRDA:257,47,0,14
BRDA:257,47,1,20
BRDA:278,48,0,1
BRDA:278,48,1,62
BRDA:279,49,0,60
BRDA:279,49,1,3
BRDA:280,50,0,1
BRDA:280,50,1,59
BRDA:280,51,0,60
BRDA:280,51,1,60
BRDA:292,52,0,85
BRDA:292,52,1,62
BRDA:293,53,0,29
BRDA:293,53,1,19
BRDA:319,54,0,1
BRDA:319,54,1,4
BRDA:325,55,0,2
BRDA:325,55,1,2
BRDA:327,56,0,1
BRDA:327,56,1,1
BRDA:362,57,0,0
BRDA:362,57,1,83
BRDA:371,58,0,2
BRDA:371,58,1,104
BRDA:371,59,0,106
BRDA:371,59,1,105
BRDA:382,60,0,2
BRDA:382,60,1,17
BRDA:391,61,0,2
BRDA:391,61,1,7
BRDA:393,62,0,1
BRDA:393,62,1,6
BRDA:393,63,0,7
BRDA:393,63,1,6
BRDA:393,63,2,6
BRDA:393,63,3,1
BRDA:395,64,0,1
BRDA:395,64,1,5
BRDA:403,65,0,1
BRDA:403,65,1,23
BRDA:417,66,0,11
BRDA:417,66,1,90
BRDA:429,67,0,2
BRDA:429,67,1,5
BRDA:432,68,0,2
BRDA:432,68,1,3
BRDA:433,69,0,3
BRDA:433,69,1,2
BRDA:450,70,0,61
BRDA:450,70,1,202
BRDA:450,71,0,263
BRDA:450,71,1,62
BRDA:453,72,0,201
BRDA:453,72,1,1
BRDA:484,73,0,0
BRDA:484,73,1,2
BRDA:492,74,0,6
BRDA:492,74,1,3
BRDA:502,75,0,856
BRDA:502,75,1,474
BRDA:503,76,0,264
BRDA:503,76,1,1066
BRDA:505,77,0,1046
BRDA:505,77,1,20
BRDA:517,78,0,4
BRDA:517,78,1,6
BRDA:518,79,0,2
BRDA:518,79,1,8
BRDA:521,80,0,7
BRDA:521,80,1,1
BRDA:535,81,0,5
BRDA:535,81,1,32
BRDA:536,82,0,23
BRDA:536,82,1,14
BRDA:539,83,0,13
BRDA:539,83,1,1
BRDA:554,84,0,1
BRDA:554,84,1,8
BRDA:557,85,0,3
BRDA:557,85,1,5
BRDA:569,86,0,1
BRDA:569,86,1,7
BRDA:569,87,0,6
BRDA:569,87,1,1
BRDA:574,88,0,2
BRDA:574,88,1,232
BRDA:581,89,0,1
BRDA:581,89,1,3
BRDA:596,90,0,1279
BRDA:596,90,1,25502
BRDA:599,91,0,25494
BRDA:599,91,1,8
BRDA:623,92,0,0
BRDA:623,92,1,206
BRDA:626,93,0,6
BRDA:626,93,1,200
BRDA:627,94,0,3
BRDA:627,94,1,3
BRDA:631,95,0,129
BRDA:631,95,1,71
BRDA:647,96,0,1
BRDA:647,96,1,143
BRDA:647,97,0,145
BRDA:647,97,1,144
BRDA:651,98,0,1
BRDA:651,98,1,151
BRDA:653,99,0,1
BRDA:653,99,1,151
BRDA:676,100,0,21
BRDA:676,100,1,6
BRDA:679,101,0,5
BRDA:679,101,1,1
BRDA:695,102,0,1
BRDA:695,102,1,4
BRDA:698,103,0,21
BRDA:698,103,1,1
BRDA:698,104,0,22
BRDA:698,104,1,21
BRDA:713,105,0,1
BRDA:713,105,1,4
BRDA:716,106,0,21
BRDA:716,106,1,1
BRDA:716,107,0,22
BRDA:716,107,1,21
BRDA:731,108,0,1
BRDA:731,108,1,4
BRDA:734,109,0,21
BRDA:734,109,1,1
BRDA:734,110,0,22
BRDA:734,110,1,21
BRF:226
BRH:223
end_of_record
TN:
SF:formulas/functions/reference.js
FN:8,(anonymous_0)
FN:42,(anonymous_1)
FN:50,(anonymous_2)
FN:55,(anonymous_3)
FN:75,(anonymous_4)
FN:90,(anonymous_5)
FN:144,(anonymous_6)
FN:148,(anonymous_7)
FN:159,(anonymous_8)
FN:208,(anonymous_9)
FN:249,(anonymous_10)
FN:254,(anonymous_11)
FN:274,(anonymous_12)
FN:289,(anonymous_13)
FN:305,(anonymous_14)
FN:360,(anonymous_15)
FN:364,(anonymous_16)
FNF:17
FNH:16
FNDA:307,(anonymous_0)
FNDA:4,(anonymous_1)
FNDA:7,(anonymous_2)
FNDA:11,(anonymous_3)
FNDA:6,(anonymous_4)
FNDA:87,(anonymous_5)
FNDA:11,(anonymous_6)
FNDA:13,(anonymous_7)
FNDA:370,(anonymous_8)
FNDA:0,(anonymous_9)
FNDA:42,(anonymous_10)
FNDA:10,(anonymous_11)
FNDA:7,(anonymous_12)
FNDA:51,(anonymous_13)
FNDA:2998,(anonymous_14)
FNDA:11,(anonymous_15)
FNDA:13,(anonymous_16)
DA:1,1
DA:2,1
DA:3,1
DA:4,1
DA:6,1
DA:9,307
DA:10,307
DA:11,307
DA:12,307
DA:13,307
DA:15,307
DA:16,12
DA:18,295
DA:19,295
DA:20,289
DA:21,282
DA:23,7
DA:26,295
DA:28,292
DA:29,292
DA:30,292
DA:31,292
DA:34,3
DA:35,3
DA:36,3
DA:37,3
DA:39,295
DA:43,4
DA:44,4
DA:45,1
DA:47,3
DA:56,11
DA:57,5
DA:58,5
DA:60,0
DA:62,6
DA:63,4
DA:64,2
DA:65,1
DA:66,1
DA:67,1
DA:69,0
DA:76,6
DA:77,0
DA:79,6
DA:80,4
DA:81,2
DA:82,1
DA:83,1
DA:84,1
DA:86,0
DA:92,87
DA:93,87
DA:94,87
DA:97,13
DA:98,13
DA:99,0
DA:101,74
DA:102,74
DA:105,74
DA:106,1
DA:107,73
DA:108,51
DA:110,22
DA:113,22
DA:114,14
DA:115,14
DA:116,53
DA:117,53
DA:119,53
DA:120,31
DA:122,22
DA:123,3
DA:125,19
DA:126,6
DA:128,13
DA:129,1
DA:131,12
DA:133,4
DA:134,1
DA:135,3
DA:136,1
DA:138,2
DA:142,8
DA:143,8
DA:144,4
DA:145,11
DA:148,4
DA:149,13
DA:153,8
DA:154,7
DA:161,370
DA:162,369
DA:163,369
DA:164,366
DA:166,366
DA:167,32
DA:169,334
DA:170,334
DA:171,334
DA:172,334
DA:175,366
DA:176,361
DA:178,5
DA:179,5
DA:180,5
DA:181,5
DA:186,366
DA:188,366
DA:189,1
DA:190,365
DA:191,1
DA:194,365
DA:195,5
DA:199,360
DA:200,39
DA:201,30
DA:202,0
DA:203,30
DA:204,30
DA:205,30
DA:206,9
DA:207,0
DA:208,0
DA:209,0
DA:213,330
DA:214,142
DA:215,142
DA:216,0
DA:217,142
DA:218,142
DA:219,142
DA:220,0
DA:221,0
DA:225,188
DA:227,179
DA:228,18
DA:229,18
DA:230,0
DA:231,18
DA:234,161
DA:235,4
DA:236,4
DA:237,3
DA:238,1
DA:241,157
DA:242,13
DA:243,10
DA:244,3
DA:255,10
DA:256,3
DA:257,3
DA:259,0
DA:261,7
DA:262,4
DA:263,3
DA:264,2
DA:265,1
DA:266,1
DA:268,0
DA:275,7
DA:276,0
DA:278,7
DA:279,4
DA:280,3
DA:281,2
DA:282,1
DA:283,1
DA:285,0
DA:290,51
DA:292,37
DA:294,37
DA:295,38
DA:297,38
DA:298,41
DA:302,36
DA:307,2998
DA:308,2998
DA:309,2998
DA:312,77
DA:313,77
DA:314,0
DA:316,2921
DA:317,2921
DA:320,2921
DA:321,5
DA:322,2916
DA:323,2894
DA:325,22
DA:328,22
DA:329,14
DA:330,14
DA:331,53
DA:332,53
DA:333,53
DA:335,53
DA:336,31
DA:338,22
DA:339,3
DA:341,19
DA:342,6
DA:344,13
DA:345,1
DA:347,12
DA:349,4
DA:350,1
DA:351,3
DA:352,1
DA:354,2
DA:358,8
DA:359,8
DA:360,4
DA:361,11
DA:364,4
DA:365,13
DA:369,8
DA:370,7
DA:375,1
LF:218
LH:200
BRDA:15,0,0,12
BRDA:15,0,1,295
BRDA:15,1,0,307
BRDA:15,1,1,295
BRDA:15,1,2,295
BRDA:15,1,3,295
BRDA:19,2,0,289
BRDA:19,2,1,6
BRDA:20,3,0,282
BRDA:20,3,1,7
BRDA:26,4,0,292
BRDA:26,4,1,3
BRDA:28,5,0,289
BRDA:28,5,1,3
BRDA:28,6,0,292
BRDA:28,6,1,10
BRDA:30,7,0,283
BRDA:30,7,1,9
BRDA:30,8,0,292
BRDA:30,8,1,10
BRDA:35,9,0,0
BRDA:35,9,1,3
BRDA:35,10,0,3
BRDA:35,10,1,3
BRDA:37,11,0,1
BRDA:37,11,1,2
BRDA:37,12,0,3
BRDA:37,12,1,3
BRDA:44,13,0,1
BRDA:44,13,1,3
BRDA:56,14,0,5
BRDA:56,14,1,6
BRDA:57,15,0,5
BRDA:57,15,1,0
BRDA:62,16,0,4
BRDA:62,16,1,2
BRDA:62,17,0,6
BRDA:62,17,1,3
BRDA:64,18,0,1
BRDA:64,18,1,1
BRDA:66,19,0,1
BRDA:66,19,1,0
BRDA:76,20,0,0
BRDA:76,20,1,6
BRDA:79,21,0,4
BRDA:79,21,1,2
BRDA:79,22,0,6
BRDA:79,22,1,3
BRDA:81,23,0,1
BRDA:81,23,1,1
BRDA:83,24,0,1
BRDA:83,24,1,0
BRDA:97,25,0,13
BRDA:97,25,1,0
BRDA:105,26,0,1
BRDA:105,26,1,73
BRDA:107,27,0,51
BRDA:107,27,1,22
BRDA:113,28,0,14
BRDA:113,28,1,8
BRDA:114,29,0,9
BRDA:114,29,1,5
BRDA:119,30,0,31
BRDA:119,30,1,22
BRDA:122,31,0,3
BRDA:122,31,1,19
BRDA:122,32,0,22
BRDA:122,32,1,6
BRDA:125,33,0,6
BRDA:125,33,1,13
BRDA:128,34,0,1
BRDA:128,34,1,12
BRDA:128,35,0,13
BRDA:128,35,1,10
BRDA:128,35,2,1
BRDA:133,36,0,1
BRDA:133,36,1,3
BRDA:135,37,0,1
BRDA:135,37,1,2
BRDA:143,38,0,4
BRDA:143,38,1,4
BRDA:153,39,0,1
BRDA:153,39,1,7
BRDA:166,40,0,32
BRDA:166,40,1,334
BRDA:175,41,0,361
BRDA:175,41,1,5
BRDA:188,42,0,1
BRDA:188,42,1,365
BRDA:190,43,0,1
BRDA:190,43,1,364
BRDA:194,44,0,5
BRDA:194,44,1,360
BRDA:194,45,0,365
BRDA:194,45,1,44
BRDA:199,46,0,39
BRDA:199,46,1,321
BRDA:200,47,0,30
BRDA:200,47,1,9
BRDA:201,48,0,0
BRDA:201,48,1,30
BRDA:206,49,0,0
BRDA:206,49,1,9
BRDA:213,50,0,142
BRDA:213,50,1,188
BRDA:214,51,0,142
BRDA:214,51,1,0
BRDA:215,52,0,0
BRDA:215,52,1,142
BRDA:220,53,0,0
BRDA:220,53,1,0
BRDA:225,54,0,179
BRDA:225,54,1,9
BRDA:225,55,0,188
BRDA:225,55,1,179
BRDA:227,56,0,18
BRDA:227,56,1,161
BRDA:229,57,0,0
BRDA:229,57,1,18
BRDA:229,58,0,18
BRDA:229,58,1,18
BRDA:234,59,0,4
BRDA:234,59,1,157
BRDA:236,60,0,3
BRDA:236,60,1,1
BRDA:236,61,0,4
BRDA:236,61,1,2
BRDA:241,62,0,13
BRDA:241,62,1,144
BRDA:242,63,0,10
BRDA:242,63,1,3
BRDA:242,64,0,13
BRDA:242,64,1,8
BRDA:255,65,0,3
BRDA:255,65,1,7
BRDA:256,66,0,3
BRDA:256,66,1,0
BRDA:261,67,0,4
BRDA:261,67,1,3
BRDA:261,68,0,7
BRDA:261,68,1,4
BRDA:263,69,0,2
BRDA:263,69,1,1
BRDA:265,70,0,1
BRDA:265,70,1,0
BRDA:275,71,0,0
BRDA:275,71,1,7
BRDA:278,72,0,4
BRDA:278,72,1,3
BRDA:278,73,0,7
BRDA:278,73,1,4
BRDA:280,74,0,2
BRDA:280,74,1,1
BRDA:282,75,0,1
BRDA:282,75,1,0
BRDA:312,76,0,77
BRDA:312,76,1,0
BRDA:320,77,0,5
BRDA:320,77,1,2916
BRDA:322,78,0,2894
BRDA:322,78,1,22
BRDA:328,79,0,14
BRDA:328,79,1,8
BRDA:329,80,0,9
BRDA:329,80,1,5
BRDA:335,81,0,31
BRDA:335,81,1,22
BRDA:338,82,0,3
BRDA:338,82,1,19
BRDA:338,83,0,22
BRDA:338,83,1,6
BRDA:341,84,0,6
BRDA:341,84,1,13
BRDA:344,85,0,1
BRDA:344,85,1,12
BRDA:344,86,0,13
BRDA:344,86,1,10
BRDA:344,86,2,1
BRDA:349,87,0,1
BRDA:349,87,1,3
BRDA:351,88,0,1
BRDA:351,88,1,2
BRDA:359,89,0,4
BRDA:359,89,1,4
BRDA:369,90,0,1
BRDA:369,90,1,7
BRF:186
BRH:168
end_of_record
TN:
SF:formulas/functions/statistical.js
FN:8,(anonymous_0)
FN:12,(anonymous_1)
FN:26,(anonymous_2)
FN:29,(anonymous_3)
FN:38,(anonymous_4)
FN:41,(anonymous_5)
FN:54,(anonymous_6)
FN:64,(anonymous_7)
FN:65,(anonymous_8)
FN:85,(anonymous_9)
FN:89,(anonymous_10)
FN:92,(anonymous_11)
FN:104,(anonymous_12)
FN:114,(anonymous_13)
FN:115,(anonymous_14)
FN:128,(anonymous_15)
FN:132,(anonymous_16)
FN:136,(anonymous_17)
FN:140,(anonymous_18)
FN:144,(anonymous_19)
FN:148,(anonymous_20)
FN:152,(anonymous_21)
FN:156,(anonymous_22)
FN:160,(anonymous_23)
FN:164,(anonymous_24)
FN:168,(anonymous_25)
FNF:26
FNH:25
FNDA:7,(anonymous_0)
FNDA:53,(anonymous_1)
FNDA:801,(anonymous_2)
FNDA:981,(anonymous_3)
FNDA:10,(anonymous_4)
FNDA:34,(anonymous_5)
FNDA:8,(anonymous_6)
FNDA:27,(anonymous_7)
FNDA:30,(anonymous_8)
FNDA:1,(anonymous_9)
FNDA:216,(anonymous_10)
FNDA:275,(anonymous_11)
FNDA:1127,(anonymous_12)
FNDA:1119,(anonymous_13)
FNDA:1143,(anonymous_14)
FNDA:7,(anonymous_15)
FNDA:349,(anonymous_16)
FNDA:16,(anonymous_17)
FNDA:1,(anonymous_18)
FNDA:39,(anonymous_19)
FNDA:489,(anonymous_20)
FNDA:20,(anonymous_21)
FNDA:1,(anonymous_22)
FNDA:1,(anonymous_23)
FNDA:0,(anonymous_24)
FNDA:26,(anonymous_25)
DA:1,1
DA:2,1
DA:3,1
DA:4,1
DA:5,1
DA:7,1
DA:9,7
DA:10,7
DA:12,7
DA:13,53
DA:14,51
DA:15,51
DA:18,7
DA:19,7
DA:20,7
DA:21,51
DA:23,7
DA:27,801
DA:29,801
DA:30,981
DA:31,979
DA:32,979
DA:35,792
DA:39,10
DA:41,10
DA:42,34
DA:43,34
DA:44,29
DA:45,29
DA:46,5
DA:47,3
DA:50,8
DA:55,8
DA:56,7
DA:57,7
DA:59,7
DA:60,7
DA:61,7
DA:63,7
DA:64,7
DA:65,27
DA:66,30
DA:67,30
DA:68,2
DA:70,28
DA:71,10
DA:72,6
DA:73,6
DA:75,18
DA:76,9
DA:77,9
DA:81,7
DA:82,6
DA:90,216
DA:91,216
DA:94,275
DA:95,12
DA:97,263
DA:98,235
DA:101,216
DA:106,1127
DA:107,1090
DA:108,1090
DA:110,1090
DA:112,1090
DA:114,1090
DA:115,1119
DA:117,1143
DA:118,117
DA:119,30
DA:120,1026
DA:121,205
DA:125,1089
DA:175,1
LF:74
LH:74
BRDA:13,0,0,51
BRDA:13,0,1,2
BRDA:30,1,0,979
BRDA:30,1,1,2
BRDA:43,2,0,29
BRDA:43,2,1,5
BRDA:46,3,0,3
BRDA:46,3,1,2
BRDA:67,4,0,2
BRDA:67,4,1,28
BRDA:70,5,0,10
BRDA:70,5,1,18
BRDA:71,6,0,6
BRDA:71,6,1,4
BRDA:75,7,0,9
BRDA:75,7,1,9
BRDA:81,8,0,1
BRDA:81,8,1,6
BRDA:94,9,0,12
BRDA:94,9,1,263
BRDA:94,10,0,275
BRDA:94,10,1,14
BRDA:97,11,0,235
BRDA:97,11,1,28
BRDA:117,12,0,117
BRDA:117,12,1,1026
BRDA:118,13,0,30
BRDA:118,13,1,87
BRDA:120,14,0,205
BRDA:120,14,1,821
BRF:30
BRH:30
end_of_record
TN:
SF:formulas/functions/text.js
FN:28,(anonymous_0)
FN:28,(anonymous_1)
FN:31,(anonymous_2)
FN:31,(anonymous_3)
FN:34,(anonymous_4)
FN:35,(anonymous_5)
FN:36,(anonymous_6)
FN:37,(anonymous_7)
FN:38,(anonymous_8)
FN:39,(anonymous_9)
FN:74,(anonymous_10)
FN:76,(anonymous_11)
FN:80,(anonymous_12)
FN:86,(anonymous_13)
FN:90,(anonymous_14)
FN:94,(anonymous_15)
FN:98,(anonymous_16)
FN:102,(anonymous_17)
FN:106,(anonymous_18)
FN:110,(anonymous_19)
FN:130,(anonymous_20)
FN:160,(anonymous_21)
FN:169,(anonymous_22)
FN:181,(anonymous_23)
FN:186,(anonymous_24)
FN:195,(anonymous_25)
FN:202,(anonymous_26)
FN:207,(anonymous_27)
FN:214,(anonymous_28)
FN:217,(anonymous_29)
FN:224,(anonymous_30)
FN:228,(anonymous_31)
FN:237,(anonymous_32)
FN:242,(anonymous_33)
FN:251,(anonymous_34)
FN:258,(anonymous_35)
FN:278,(anonymous_36)
FN:282,(anonymous_37)
FN:292,(anonymous_38)
FN:304,(anonymous_39)
FN:308,(anonymous_40)
FN:313,(anonymous_41)
FN:317,(anonymous_42)
FN:322,(anonymous_43)
FN:334,(anonymous_44)
FN:338,(anonymous_45)
FN:371,(anonymous_46)
FN:374,(anonymous_47)
FN:379,(anonymous_48)
FN:382,(anonymous_49)
FN:394,(anonymous_50)
FN:398,(anonymous_51)
FN:409,(anonymous_52)
FN:422,(anonymous_53)
FN:426,(anonymous_54)
FN:450,(anonymous_55)
FN:454,(anonymous_56)
FN:501,(anonymous_57)
FN:509,(anonymous_58)
FN:521,(anonymous_59)
FN:541,(anonymous_60)
FN:560,(anonymous_61)
FN:565,(anonymous_62)
FN:570,(anonymous_63)
FN:577,(anonymous_64)
FNF:65
FNH:54
FNDA:16,(anonymous_0)
FNDA:9,(anonymous_1)
FNDA:21,(anonymous_2)
FNDA:9,(anonymous_3)
FNDA:37,(anonymous_4)
FNDA:5,(anonymous_5)
FNDA:4,(anonymous_6)
FNDA:16,(anonymous_7)
FNDA:5,(anonymous_8)
FNDA:21,(anonymous_9)
FNDA:0,(anonymous_10)
FNDA:0,(anonymous_11)
FNDA:0,(anonymous_12)
FNDA:0,(anonymous_13)
FNDA:0,(anonymous_14)
FNDA:0,(anonymous_15)
FNDA:0,(anonymous_16)
FNDA:0,(anonymous_17)
FNDA:0,(anonymous_18)
FNDA:0,(anonymous_19)
FNDA:0,(anonymous_20)
FNDA:1318,(anonymous_21)
FNDA:1501,(anonymous_22)
FNDA:5,(anonymous_23)
FNDA:3,(anonymous_24)
FNDA:53,(anonymous_25)
FNDA:3,(anonymous_26)
FNDA:16,(anonymous_27)
FNDA:6,(anonymous_28)
FNDA:52,(anonymous_29)
FNDA:3095,(anonymous_30)
FNDA:10341,(anonymous_31)
FNDA:4,(anonymous_32)
FNDA:3,(anonymous_33)
FNDA:4,(anonymous_34)
FNDA:15,(anonymous_35)
FNDA:1,(anonymous_36)
FNDA:11,(anonymous_37)
FNDA:1044,(anonymous_38)
FNDA:1,(anonymous_39)
FNDA:40,(anonymous_40)
FNDA:1,(anonymous_41)
FNDA:5,(anonymous_42)
FNDA:18,(anonymous_43)
FNDA:1,(anonymous_44)
FNDA:13,(anonymous_45)
FNDA:1,(anonymous_46)
FNDA:4,(anonymous_47)
FNDA:6,(anonymous_48)
FNDA:9,(anonymous_49)
FNDA:1,(anonymous_50)
FNDA:39,(anonymous_51)
FNDA:20,(anonymous_52)
FNDA:1,(anonymous_53)
FNDA:109,(anonymous_54)
FNDA:1,(anonymous_55)
FNDA:21,(anonymous_56)
FNDA:4,(anonymous_57)
FNDA:1018,(anonymous_58)
FNDA:15,(anonymous_59)
FNDA:57,(anonymous_60)
FNDA:26,(anonymous_61)
FNDA:48,(anonymous_62)
FNDA:10,(anonymous_63)
FNDA:9,(anonymous_64)
DA:1,1
DA:2,1
DA:3,1
DA:6,1
DA:9,1
DA:12,1
DA:28,16
DA:31,21
DA:34,37
DA:35,5
DA:36,1
DA:37,16
DA:38,1
DA:39,21
DA:42,1
DA:43,1
DA:44,1
DA:45,1
DA:46,1
DA:47,1
DA:48,1
DA:49,1
DA:50,1
DA:51,1
DA:52,1
DA:53,1
DA:55,1
DA:74,1
DA:76,1
DA:77,0
DA:80,1
DA:81,0
DA:82,0
DA:83,0
DA:86,1
DA:87,0
DA:90,1
DA:91,0
DA:94,1
DA:95,0
DA:98,1
DA:99,0
DA:102,1
DA:103,0
DA:106,1
DA:107,0
DA:110,1
DA:111,0
DA:112,0
DA:113,0
DA:116,0
DA:117,0
DA:119,0
DA:120,0
DA:123,0
DA:124,0
DA:126,0
DA:130,1
DA:131,0
DA:132,0
DA:134,0
DA:135,0
DA:136,0
DA:137,0
DA:138,0
DA:139,0
DA:140,0
DA:142,0
DA:143,0
DA:145,0
DA:146,0
DA:148,0
DA:149,0
DA:150,0
DA:152,0
DA:153,0
DA:154,0
DA:156,0
DA:160,1
DA:161,1318
DA:162,14
DA:166,1304
DA:167,1304
DA:168,1304
DA:169,1501
DA:172,0
DA:177,0
DA:180,1
DA:182,5
DA:183,5
DA:187,3
DA:188,3
DA:189,3
DA:191,0
DA:196,53
DA:197,53
DA:198,1
DA:199,52
DA:203,3
DA:204,3
DA:208,16
DA:209,16
DA:210,2
DA:211,14
DA:215,6
DA:217,6
DA:218,52
DA:219,52
DA:221,6
DA:225,3095
DA:226,3095
DA:227,0
DA:228,3095
DA:230,10341
DA:231,10340
DA:234,3094
DA:238,4
DA:239,4
DA:243,3
DA:244,3
DA:245,3
DA:248,3
DA:252,4
DA:253,4
DA:255,4
DA:259,15
DA:260,15
DA:261,15
DA:262,15
DA:263,13
DA:264,0
DA:266,13
DA:267,13
DA:268,0
DA:270,13
DA:271,13
DA:272,4
DA:274,9
DA:275,9
DA:279,1
DA:283,11
DA:284,10
DA:285,10
DA:287,10
DA:288,10
DA:289,10
DA:293,1044
DA:294,1044
DA:296,1042
DA:297,0
DA:298,1042
DA:299,1040
DA:300,1008
DA:301,32
DA:305,1
DA:309,40
DA:310,40
DA:314,1
DA:318,5
DA:319,5
DA:323,18
DA:324,18
DA:325,17
DA:326,17
DA:327,15
DA:328,3
DA:329,12
DA:330,2
DA:331,10
DA:335,1
DA:339,13
DA:341,13
DA:342,13
DA:344,13
DA:345,0
DA:346,13
DA:347,1
DA:348,12
DA:349,12
DA:350,12
DA:352,3
DA:354,9
DA:359,9
DA:360,0
DA:362,9
DA:363,9
DA:364,9
DA:366,3
DA:367,6
DA:368,6
DA:375,4
DA:376,4
DA:377,3
DA:378,3
DA:379,6
DA:383,9
DA:384,9
DA:385,9
DA:386,9
DA:388,9
DA:389,7
DA:391,7
DA:395,1
DA:399,39
DA:400,39
DA:401,39
DA:403,39
DA:404,62
DA:406,39
DA:410,20
DA:411,20
DA:413,20
DA:414,0
DA:415,20
DA:416,18
DA:417,18
DA:418,11
DA:419,7
DA:423,1
DA:427,109
DA:428,109
DA:429,109
DA:430,109
DA:431,107
DA:432,0
DA:435,107
DA:437,107
DA:438,107
DA:439,1
DA:441,107
DA:442,107
DA:443,50
DA:445,57
DA:446,57
DA:447,57
DA:451,1
DA:455,21
DA:456,21
DA:457,21
DA:458,21
DA:461,21
DA:462,1
DA:466,20
DA:468,12
DA:469,12
DA:473,8
DA:474,3
DA:477,5
DA:478,5
DA:479,5
DA:481,5
DA:482,7
DA:483,7
DA:485,0
DA:488,7
DA:489,7
DA:491,5
DA:492,5
DA:495,2
DA:498,5
DA:503,4
DA:504,4
DA:505,1
DA:506,3
DA:510,1018
DA:511,1016
DA:513,1016
DA:514,1016
DA:516,0
DA:517,0
DA:523,15
DA:524,0
DA:528,15
DA:529,0
DA:533,15
DA:536,15
DA:538,15
DA:541,15
DA:542,57
DA:544,57
DA:545,55
DA:550,15
DA:553,15
DA:554,0
DA:557,15
DA:561,26
DA:562,26
DA:566,48
DA:567,48
DA:571,10
DA:572,10
DA:573,2
DA:574,8
DA:578,9
DA:582,1
LF:295
LH:238
BRDA:28,0,0,4
BRDA:28,0,1,5
BRDA:31,1,0,4
BRDA:31,1,1,5
BRDA:34,2,0,37
BRDA:34,2,1,14
BRDA:74,3,0,0
BRDA:74,3,1,0
BRDA:77,4,0,0
BRDA:77,4,1,0
BRDA:95,5,0,0
BRDA:95,5,1,0
BRDA:99,6,0,0
BRDA:99,6,1,0
BRDA:103,7,0,0
BRDA:103,7,1,0
BRDA:107,8,0,0
BRDA:107,8,1,0
BRDA:112,9,0,0
BRDA:112,9,1,0
BRDA:112,10,0,0
BRDA:112,10,1,0
BRDA:119,11,0,0
BRDA:119,11,1,0
BRDA:119,12,0,0
BRDA:119,12,1,0
BRDA:123,13,0,0
BRDA:123,13,1,0
BRDA:131,14,0,0
BRDA:131,14,1,0
BRDA:139,15,0,0
BRDA:139,15,1,0
BRDA:142,16,0,0
BRDA:142,16,1,0
BRDA:145,17,0,0
BRDA:145,17,1,0
BRDA:148,18,0,0
BRDA:148,18,1,0
BRDA:161,19,0,14
BRDA:161,19,1,1304
BRDA:166,20,0,1304
BRDA:166,20,1,0
BRDA:166,21,0,1304
BRDA:166,21,1,1304
BRDA:197,22,0,1
BRDA:197,22,1,52
BRDA:197,23,0,53
BRDA:197,23,1,53
BRDA:209,24,0,2
BRDA:209,24,1,14
BRDA:226,25,0,0
BRDA:226,25,1,3095
BRDA:263,26,0,0
BRDA:263,26,1,13
BRDA:263,27,0,13
BRDA:263,27,1,13
BRDA:267,28,0,0
BRDA:267,28,1,13
BRDA:271,29,0,4
BRDA:271,29,1,9
BRDA:288,30,0,1
BRDA:288,30,1,9
BRDA:296,31,0,0
BRDA:296,31,1,1042
BRDA:299,32,0,1008
BRDA:299,32,1,32
BRDA:327,33,0,3
BRDA:327,33,1,12
BRDA:329,34,0,2
BRDA:329,34,1,10
BRDA:329,35,0,12
BRDA:329,35,1,11
BRDA:344,36,0,0
BRDA:344,36,1,13
BRDA:346,37,0,1
BRDA:346,37,1,12
BRDA:346,38,0,13
BRDA:346,38,1,12
BRDA:350,39,0,3
BRDA:350,39,1,9
BRDA:350,40,0,12
BRDA:350,40,1,10
BRDA:359,41,0,0
BRDA:359,41,1,9
BRDA:364,42,0,3
BRDA:364,42,1,6
BRDA:364,43,0,9
BRDA:364,43,1,7
BRDA:364,43,2,1
BRDA:364,43,3,7
BRDA:364,43,4,6
BRDA:364,43,5,7
BRDA:368,44,0,1
BRDA:368,44,1,5
BRDA:413,45,0,0
BRDA:413,45,1,20
BRDA:417,46,0,11
BRDA:417,46,1,7
BRDA:431,47,0,0
BRDA:431,47,1,107
BRDA:431,48,0,107
BRDA:431,48,1,107
BRDA:435,49,0,3
BRDA:435,49,1,104
BRDA:438,50,0,1
BRDA:438,50,1,106
BRDA:442,51,0,50
BRDA:442,51,1,57
BRDA:461,52,0,1
BRDA:461,52,1,20
BRDA:466,53,0,12
BRDA:466,53,1,8
BRDA:473,54,0,3
BRDA:473,54,1,5
BRDA:483,55,0,0
BRDA:483,55,1,7
BRDA:489,56,0,5
BRDA:489,56,1,2
BRDA:504,57,0,1
BRDA:504,57,1,3
BRDA:523,58,0,0
BRDA:523,58,1,15
BRDA:528,59,0,0
BRDA:528,59,1,15
BRDA:544,60,0,55
BRDA:544,60,1,2
BRDA:544,61,0,57
BRDA:544,61,1,43
BRDA:553,62,0,0
BRDA:553,62,1,15
BRDA:572,63,0,2
BRDA:572,63,1,8
BRF:132
BRH:87
end_of_record
TN:
SF:formulas/functions/trigonometry.js
FN:8,(anonymous_0)
FN:15,(anonymous_1)
FN:22,(anonymous_2)
FN:27,(anonymous_3)
FN:34,(anonymous_4)
FN:41,(anonymous_5)
FN:46,(anonymous_6)
FN:51,(anonymous_7)
FN:59,(anonymous_8)
FN:66,(anonymous_9)
FN:73,(anonymous_10)
FN:78,(anonymous_11)
FN:87,(anonymous_12)
FN:94,(anonymous_13)
FN:101,(anonymous_14)
FN:108,(anonymous_15)
FN:115,(anonymous_16)
FN:120,(anonymous_17)
FN:127,(anonymous_18)
FN:132,(anonymous_19)
FN:139,(anonymous_20)
FNF:21
FNH:21
FNDA:16,(anonymous_0)
FNDA:4,(anonymous_1)
FNDA:3,(anonymous_2)
FNDA:4,(anonymous_3)
FNDA:14,(anonymous_4)
FNDA:3,(anonymous_5)
FNDA:7,(anonymous_6)
FNDA:221,(anonymous_7)
FNDA:4,(anonymous_8)
FNDA:117,(anonymous_9)
FNDA:5,(anonymous_10)
FNDA:6,(anonymous_11)
FNDA:5,(anonymous_12)
FNDA:4,(anonymous_13)
FNDA:5,(anonymous_14)
FNDA:4,(anonymous_15)
FNDA:5,(anonymous_16)
FNDA:62,(anonymous_17)
FNDA:3,(anonymous_18)
FNDA:15,(anonymous_19)
FNDA:6,(anonymous_20)
DA:1,1
DA:2,1
DA:3,1
DA:4,1
DA:7,1
DA:9,16
DA:10,13
DA:11,1
DA:12,12
DA:16,4
DA:17,4
DA:18,2
DA:19,2
DA:23,3
DA:24,3
DA:28,4
DA:29,4
DA:30,2
DA:31,2
DA:35,14
DA:36,5
DA:37,1
DA:38,4
DA:42,3
DA:43,3
DA:47,7
DA:48,5
DA:52,221
DA:53,221
DA:54,221
DA:55,217
DA:56,4
DA:60,4
DA:61,4
DA:62,1
DA:63,3
DA:67,117
DA:68,87
DA:69,1
DA:70,86
DA:74,5
DA:75,5
DA:79,6
DA:80,6
DA:81,1
DA:82,5
DA:83,2
DA:84,3
DA:88,5
DA:89,5
DA:90,2
DA:91,3
DA:95,4
DA:96,4
DA:97,1
DA:98,3
DA:102,5
DA:103,5
DA:104,2
DA:105,3
DA:109,4
DA:110,4
DA:111,1
DA:112,3
DA:116,5
DA:117,5
DA:121,62
DA:122,58
DA:123,1
DA:124,57
DA:128,3
DA:129,3
DA:133,15
DA:134,12
DA:135,1
DA:136,11
DA:140,6
DA:141,6
DA:145,1
LF:79
LH:79
BRDA:10,0,0,1
BRDA:10,0,1,12
BRDA:10,1,0,13
BRDA:10,1,1,13
BRDA:17,2,0,2
BRDA:17,2,1,2
BRDA:29,3,0,2
BRDA:29,3,1,2
BRDA:36,4,0,1
BRDA:36,4,1,4
BRDA:36,5,0,5
BRDA:36,5,1,5
BRDA:54,6,0,217
BRDA:54,6,1,4
BRDA:54,7,0,221
BRDA:54,7,1,217
BRDA:61,8,0,1
BRDA:61,8,1,3
BRDA:68,9,0,1
BRDA:68,9,1,86
BRDA:80,10,0,1
BRDA:80,10,1,5
BRDA:82,11,0,2
BRDA:82,11,1,3
BRDA:89,12,0,2
BRDA:89,12,1,3
BRDA:96,13,0,1
BRDA:96,13,1,3
BRDA:103,14,0,2
BRDA:103,14,1,3
BRDA:110,15,0,1
BRDA:110,15,1,3
BRDA:122,16,0,1
BRDA:122,16,1,57
BRDA:134,17,0,1
BRDA:134,17,1,11
BRF:36
BRH:36
end_of_record
TN:
SF:formulas/functions/web.js
FN:6,(anonymous_0)
FN:10,(anonymous_1)
FN:15,(anonymous_2)
FN:24,(anonymous_3)
FN:24,(anonymous_4)
FNF:5
FNH:4
FNDA:8,(anonymous_0)
FNDA:2,(anonymous_1)
FNDA:7,(anonymous_2)
FNDA:2,(anonymous_3)
FNDA:0,(anonymous_4)
DA:1,1
DA:2,1
DA:3,1
DA:5,1
DA:7,8
DA:12,2
DA:16,7
DA:17,6
DA:19,4
DA:20,4
DA:22,2
DA:24,2
DA:25,0
DA:33,1
DA:43,1
LF:15
LH:14
BRDA:16,0,0,6
BRDA:16,0,1,1
BRF:2
BRH:2
end_of_record
TN:
SF:grammar/hooks.js
FN:26,(anonymous_0)
FN:33,(anonymous_1)
FN:34,(anonymous_2)
FN:35,(anonymous_3)
FN:77,(anonymous_4)
FN:86,(anonymous_5)
FN:98,(anonymous_6)
FN:111,(anonymous_7)
FN:124,(anonymous_8)
FN:140,(anonymous_9)
FN:149,(anonymous_10)
FN:201,(anonymous_11)
FN:210,(anonymous_12)
FN:223,(anonymous_13)
FN:226,(anonymous_14)
FN:245,(anonymous_15)
FN:299,(anonymous_16)
FN:332,(anonymous_17)
FNF:18
FNH:17
FNDA:16,(anonymous_0)
FNDA:1964,(anonymous_1)
FNDA:170687,(anonymous_2)
FNDA:30207,(anonymous_3)
FNDA:0,(anonymous_4)
FNDA:170775,(anonymous_5)
FNDA:30319,(anonymous_6)
FNDA:1966,(anonymous_7)
FNDA:201094,(anonymous_8)
FNDA:85613,(anonymous_9)
FNDA:105986,(anonymous_10)
FNDA:10,(anonymous_11)
FNDA:85613,(anonymous_12)
FNDA:1,(anonymous_13)
FNDA:344,(anonymous_14)
FNDA:109303,(anonymous_15)
FNDA:109294,(anonymous_16)
FNDA:11,(anonymous_17)
DA:1,1
DA:2,1
DA:3,1
DA:4,1
DA:5,1
DA:6,1
DA:7,1
DA:8,1
DA:9,1
DA:10,1
DA:11,1
DA:12,1
DA:13,1
DA:14,1
DA:15,1
DA:27,16
DA:28,16
DA:29,16
DA:30,16
DA:33,1964
DA:34,170687
DA:35,30207
DA:39,16
DA:40,16
DA:41,16
DA:42,16
DA:45,16
DA:47,16
DA:52,16
DA:61,16
DA:64,16
DA:68,16
DA:70,16
DA:78,0
DA:88,170775
DA:89,132361
DA:90,170775
DA:100,30319
DA:101,26015
DA:102,30319
DA:113,1966
DA:114,1966
DA:115,1964
DA:116,2
DA:125,201094
DA:126,30319
DA:128,170775
DA:129,170775
DA:131,0
DA:141,85613
DA:142,0
DA:143,85613
DA:145,85613
DA:147,85613
DA:149,61808
DA:150,105986
DA:151,24
DA:152,105962
DA:154,105962
DA:155,1948
DA:157,104014
DA:167,85613
DA:169,80761
DA:170,80761
DA:171,56943
DA:173,23818
DA:176,4909
DA:177,4908
DA:179,1
DA:182,75852
DA:184,1260
DA:185,1260
DA:186,1260
DA:188,0
DA:190,74592
DA:193,4852
DA:194,4852
DA:195,4852
DA:197,0
DA:202,10
DA:203,10
DA:204,9
DA:206,10
DA:207,10
DA:211,85613
DA:212,10
DA:214,85603
DA:215,85602
DA:224,1
DA:225,1
DA:226,1
DA:227,344
DA:228,344
DA:229,225
DA:230,168
DA:232,119
DA:233,119
DA:236,1
DA:246,109303
DA:248,109303
DA:249,51369
DA:250,3
DA:251,51366
DA:252,0
DA:254,51366
DA:255,57934
DA:256,39397
DA:257,8585
DA:258,30812
DA:259,8
DA:260,5
DA:264,8
DA:265,1
DA:269,30804
DA:271,27656
DA:272,3148
DA:274,26
DA:279,3122
DA:280,138
DA:283,2984
DA:287,97730
DA:300,109294
DA:301,109294
DA:302,109294
DA:303,109294
DA:304,109293
DA:306,109293
DA:307,109293
DA:308,109292
DA:309,109292
DA:310,11575
DA:313,1
DA:315,97717
DA:316,3
DA:317,3
DA:319,97714
DA:333,11
DA:334,11
DA:335,11
DA:336,11
DA:337,11
DA:339,11
DA:340,11
DA:341,11
DA:342,11
DA:343,0
DA:346,0
DA:348,11
DA:349,1
DA:350,1
DA:352,10
DA:356,1
LF:152
LH:144
BRDA:26,0,0,15
BRDA:88,1,0,132361
BRDA:88,1,1,38414
BRDA:89,2,0,86704
BRDA:89,2,1,45657
BRDA:100,3,0,26015
BRDA:100,3,1,4304
BRDA:101,4,0,21562
BRDA:101,4,1,4453
BRDA:114,5,0,1964
BRDA:114,5,1,2
BRDA:125,6,0,30319
BRDA:125,6,1,170775
BRDA:128,7,0,170775
BRDA:128,7,1,0
BRDA:141,8,0,0
BRDA:141,8,1,85613
BRDA:145,9,0,73175
BRDA:145,9,1,12438
BRDA:147,10,0,61808
BRDA:147,10,1,23805
BRDA:150,11,0,24
BRDA:150,11,1,105962
BRDA:154,12,0,1948
BRDA:154,12,1,104014
BRDA:167,13,0,80761
BRDA:167,13,1,4852
BRDA:170,14,0,56943
BRDA:170,14,1,23818
BRDA:170,15,0,80761
BRDA:170,15,1,56956
BRDA:176,16,0,4908
BRDA:176,16,1,1
BRDA:182,17,0,1260
BRDA:182,17,1,74592
BRDA:184,18,0,1260
BRDA:184,18,1,0
BRDA:185,19,0,22
BRDA:185,19,1,1238
BRDA:193,20,0,4852
BRDA:193,20,1,0
BRDA:194,21,0,236
BRDA:194,21,1,4616
BRDA:211,22,0,10
BRDA:211,22,1,85603
BRDA:229,23,0,57
BRDA:229,23,1,168
BRDA:232,24,0,119
BRDA:232,24,1,0
BRDA:245,25,0,0
BRDA:248,26,0,51369
BRDA:248,26,1,57934
BRDA:249,27,0,3
BRDA:249,27,1,51366
BRDA:251,28,0,0
BRDA:251,28,1,51366
BRDA:255,29,0,39397
BRDA:255,29,1,18537
BRDA:256,30,0,8585
BRDA:256,30,1,30812
BRDA:258,31,0,8
BRDA:258,31,1,30804
BRDA:259,32,0,5
BRDA:259,32,1,3
BRDA:264,33,0,1
BRDA:264,33,1,7
BRDA:264,34,0,8
BRDA:264,34,1,6
BRDA:264,34,2,3
BRDA:269,35,0,27656
BRDA:269,35,1,3148
BRDA:269,36,0,30804
BRDA:269,36,1,30666
BRDA:269,36,2,27656
BRDA:272,37,0,26
BRDA:272,37,1,3122
BRDA:272,38,0,3148
BRDA:272,38,1,3010
BRDA:272,38,2,302
BRDA:279,39,0,138
BRDA:279,39,1,2984
BRDA:299,40,0,109288
BRDA:300,41,0,0
BRDA:300,41,1,109294
BRDA:309,42,0,11575
BRDA:309,42,1,97717
BRDA:315,43,0,3
BRDA:315,43,1,97714
BRDA:332,44,0,8
BRDA:333,45,0,0
BRDA:333,45,1,11
BRDA:342,46,0,0
BRDA:342,46,1,11
BRDA:348,47,0,1
BRDA:348,47,1,10
BRF:95
BRH:85
end_of_record
TN:
SF:grammar/lexing.js
FN:253,(anonymous_0)
FN:260,(anonymous_1)
FNF:2
FNH:2
FNDA:38,(anonymous_0)
FNDA:109330,(anonymous_1)
DA:1,1
DA:2,1
DA:5,1
DA:7,1
DA:13,1
DA:18,1
DA:23,1
DA:28,1
DA:33,1
DA:38,1
DA:43,1
DA:49,1
DA:54,1
DA:60,1
DA:65,1
DA:70,1
DA:80,1
DA:85,1
DA:90,1
DA:95,1
DA:100,1
DA:105,1
DA:110,1
DA:115,1
DA:120,1
DA:125,1
DA:130,1
DA:135,1
DA:141,1
DA:146,1
DA:151,1
DA:156,1
DA:161,1
DA:166,1
DA:171,1
DA:176,1
DA:181,1
DA:186,1
DA:191,1
DA:196,1
DA:201,1
DA:207,1
DA:251,1
DA:253,1
DA:254,38
DA:257,1
DA:261,109330
DA:263,109330
DA:264,2
DA:265,2
DA:266,2
DA:267,2
DA:268,2
DA:269,2
DA:270,2
DA:273,109328
LF:56
LH:56
BRDA:263,0,0,2
BRDA:263,0,1,109328
BRF:2
BRH:2
end_of_record
TN:
SF:grammar/parsing.js
FN:51,(anonymous_0)
FN:70,(anonymous_1)
FN:73,(anonymous_2)
FN:79,(anonymous_3)
FN:80,(anonymous_4)
FN:81,(anonymous_5)
FN:82,(anonymous_6)
FN:83,(anonymous_7)
FN:84,(anonymous_8)
FN:85,(anonymous_9)
FN:86,(anonymous_10)
FN:87,(anonymous_11)
FN:88,(anonymous_12)
FN:89,(anonymous_13)
FN:90,(anonymous_14)
FN:95,(anonymous_15)
FN:112,(anonymous_16)
FN:113,(anonymous_17)
FN:114,(anonymous_18)
FN:117,(anonymous_19)
FN:119,(anonymous_20)
FN:121,(anonymous_21)
FN:126,(anonymous_22)
FN:129,(anonymous_23)
FN:131,(anonymous_24)
FN:132,(anonymous_25)
FN:137,(anonymous_26)
FN:142,(anonymous_27)
FN:148,(anonymous_28)
FN:155,(anonymous_29)
FN:160,(anonymous_30)
FN:160,(anonymous_31)
FN:165,(anonymous_32)
FN:169,(anonymous_33)
FN:174,(anonymous_34)
FN:174,(anonymous_35)
FN:178,(anonymous_36)
FN:179,(anonymous_37)
FN:180,(anonymous_38)
FN:181,(anonymous_39)
FN:182,(anonymous_40)
FN:183,(anonymous_41)
FN:186,(anonymous_42)
FN:192,(anonymous_43)
FN:197,(anonymous_44)
FN:205,(anonymous_45)
FN:213,(anonymous_46)
FN:215,(anonymous_47)
FN:216,(anonymous_48)
FN:230,(anonymous_49)
FN:236,(anonymous_50)
FN:238,(anonymous_51)
FN:239,(anonymous_52)
FN:241,(anonymous_53)
FN:243,(anonymous_54)
FN:247,(anonymous_55)
FN:249,(anonymous_56)
FN:252,(anonymous_57)
FN:254,(anonymous_58)
FN:257,(anonymous_59)
FN:259,(anonymous_60)
FN:262,(anonymous_61)
FN:264,(anonymous_62)
FN:269,(anonymous_63)
FN:271,(anonymous_64)
FN:273,(anonymous_65)
FN:276,(anonymous_66)
FN:278,(anonymous_67)
FN:281,(anonymous_68)
FN:283,(anonymous_69)
FN:286,(anonymous_70)
FN:288,(anonymous_71)
FN:293,(anonymous_72)
FN:299,(anonymous_73)
FN:303,(anonymous_74)
FN:307,(anonymous_75)
FN:312,(anonymous_76)
FN:314,(anonymous_77)
FN:317,(anonymous_78)
FN:326,(anonymous_79)
FN:328,(anonymous_80)
FN:332,(anonymous_81)
FN:338,(anonymous_82)
FN:350,(anonymous_83)
FN:352,(anonymous_84)
FN:354,(anonymous_85)
FN:358,(anonymous_86)
FN:360,(anonymous_87)
FN:364,(anonymous_88)
FN:366,(anonymous_89)
FN:373,(anonymous_90)
FN:375,(anonymous_91)
FN:382,(anonymous_92)
FN:383,(anonymous_93)
FN:384,(anonymous_94)
FNF:95
FNH:95
FNDA:18,(anonymous_0)
FNDA:305511,(anonymous_1)
FNDA:134789,(anonymous_2)
FNDA:7036,(anonymous_3)
FNDA:16616,(anonymous_4)
FNDA:1171,(anonymous_5)
FNDA:9301,(anonymous_6)
FNDA:1694,(anonymous_7)
FNDA:905,(anonymous_8)
FNDA:8584,(anonymous_9)
FNDA:35251,(anonymous_10)
FNDA:17172,(anonymous_11)
FNDA:19583,(anonymous_12)
FNDA:16332,(anonymous_13)
FNDA:1342,(anonymous_14)
FNDA:305480,(anonymous_15)
FNDA:27,(anonymous_16)
FNDA:18,(anonymous_17)
FNDA:27,(anonymous_18)
FNDA:440282,(anonymous_19)
FNDA:274,(anonymous_20)
FNDA:256,(anonymous_21)
FNDA:440282,(anonymous_22)
FNDA:9265,(anonymous_23)
FNDA:7636,(anonymous_24)
FNDA:1647,(anonymous_25)
FNDA:9222,(anonymous_26)
FNDA:440282,(anonymous_27)
FNDA:440334,(anonymous_28)
FNDA:101,(anonymous_29)
FNDA:57,(anonymous_30)
FNDA:57,(anonymous_31)
FNDA:483807,(anonymous_32)
FNDA:30967,(anonymous_33)
FNDA:30943,(anonymous_34)
FNDA:30943,(anonymous_35)
FNDA:514756,(anonymous_36)
FNDA:277100,(anonymous_37)
FNDA:19327,(anonymous_38)
FNDA:132472,(anonymous_39)
FNDA:85660,(anonymous_40)
FNDA:265,(anonymous_41)
FNDA:19327,(anonymous_42)
FNDA:44,(anonymous_43)
FNDA:20,(anonymous_44)
FNDA:265,(anonymous_45)
FNDA:917,(anonymous_46)
FNDA:685,(anonymous_47)
FNDA:250,(anonymous_48)
FNDA:247,(anonymous_49)
FNDA:1164,(anonymous_50)
FNDA:900,(anonymous_51)
FNDA:27,(anonymous_52)
FNDA:882,(anonymous_53)
FNDA:9,(anonymous_54)
FNDA:196,(anonymous_55)
FNDA:178,(anonymous_56)
FNDA:102,(anonymous_57)
FNDA:84,(anonymous_58)
FNDA:19,(anonymous_59)
FNDA:1,(anonymous_60)
FNDA:19,(anonymous_61)
FNDA:1,(anonymous_62)
FNDA:132472,(anonymous_63)
FNDA:74295,(anonymous_64)
FNDA:74277,(anonymous_65)
FNDA:51932,(anonymous_66)
FNDA:51914,(anonymous_67)
FNDA:5899,(anonymous_68)
FNDA:5881,(anonymous_69)
FNDA:400,(anonymous_70)
FNDA:382,(anonymous_71)
FNDA:85660,(anonymous_72)
FNDA:85634,(anonymous_73)
FNDA:85660,(anonymous_74)
FNDA:20,(anonymous_75)
FNDA:85089,(anonymous_76)
FNDA:91918,(anonymous_77)
FNDA:91777,(anonymous_78)
FNDA:277100,(anonymous_79)
FNDA:233658,(anonymous_80)
FNDA:43460,(anonymous_81)
FNDA:43442,(anonymous_82)
FNDA:233658,(anonymous_83)
FNDA:230329,(anonymous_84)
FNDA:230311,(anonymous_85)
FNDA:1989,(anonymous_86)
FNDA:1971,(anonymous_87)
FNDA:1059,(anonymous_88)
FNDA:1041,(anonymous_89)
FNDA:335,(anonymous_90)
FNDA:317,(anonymous_91)
FNDA:43460,(anonymous_92)
FNDA:26428,(anonymous_93)
FNDA:17050,(anonymous_94)
DA:1,1
DA:2,1
DA:3,1
DA:43,1
DA:52,18
DA:58,18
DA:59,18
DA:66,18
DA:70,18
DA:71,305511
DA:72,305511
DA:73,305502
DA:76,134789
DA:79,7036
DA:80,16616
DA:81,1171
DA:82,9301
DA:83,1694
DA:84,905
DA:85,8584
DA:86,35251
DA:87,17172
DA:88,19583
DA:89,16332
DA:90,1342
DA:93,134789
DA:95,305498
DA:97,305480
DA:98,1527400
DA:99,447570
DA:100,447570
DA:101,134767
DA:102,134767
DA:103,134767
DA:104,134767
DA:109,305498
DA:112,27
DA:113,18
DA:114,27
DA:117,18
DA:118,440282
DA:119,440269
DA:120,274
DA:121,274
DA:123,440269
DA:126,18
DA:128,440282
DA:129,440282
DA:130,9265
DA:131,7636
DA:132,1647
DA:134,9265
DA:136,440282
DA:137,440269
DA:138,431029
DA:142,18
DA:144,440282
DA:145,440269
DA:147,440269
DA:150,440334
DA:151,440334
DA:153,440334
DA:156,101
DA:159,440269
DA:160,75
DA:162,440194
DA:165,18
DA:167,483807
DA:168,483794
DA:169,483794
DA:170,30967
DA:171,30967
DA:173,483794
DA:174,30961
DA:175,452833
DA:178,514756
DA:179,277100
DA:180,19327
DA:181,132472
DA:182,85660
DA:183,265
DA:186,18
DA:188,19327
DA:190,19327
DA:191,19327
DA:192,19327
DA:193,44
DA:194,44
DA:196,19327
DA:197,38
DA:199,19289
DA:201,19327
DA:202,19327
DA:205,18
DA:207,265
DA:208,265
DA:209,265
DA:212,265
DA:213,265
DA:214,917
DA:215,685
DA:216,250
DA:218,917
DA:219,917
DA:220,667
DA:222,250
DA:223,250
DA:224,250
DA:228,265
DA:230,265
DA:236,1164
DA:239,900
DA:240,900
DA:241,900
DA:242,900
DA:243,27
DA:244,873
DA:248,196
DA:249,196
DA:253,102
DA:254,102
DA:258,19
DA:259,19
DA:263,19
DA:264,19
DA:269,132472
DA:272,74295
DA:273,74295
DA:277,51932
DA:278,51932
DA:282,5899
DA:283,5899
DA:287,400
DA:288,400
DA:293,18
DA:294,85660
DA:296,85660
DA:297,85656
DA:299,85652
DA:303,18
DA:307,85660
DA:308,20
DA:310,85660
DA:312,85660
DA:313,85089
DA:314,85087
DA:315,91918
DA:316,91918
DA:317,91918
DA:318,91777
DA:319,91777
DA:323,85656
DA:326,277100
DA:328,233658
DA:334,43460
DA:336,43460
DA:338,43460
DA:339,43442
DA:340,130
DA:341,43312
DA:343,43460
DA:350,233658
DA:353,230329
DA:354,230329
DA:359,1989
DA:360,1989
DA:365,1059
DA:366,1059
DA:374,335
DA:375,335
DA:382,43460
DA:383,26428
DA:384,17050
DA:387,18
DA:391,1
LF:175
LH:175
BRDA:76,0,0,134789
BRDA:76,0,1,18
BRDA:100,1,0,312803
BRDA:100,1,1,134767
BRDA:137,2,0,9240
BRDA:137,2,1,431029
BRDA:159,3,0,75
BRDA:159,3,1,440194
BRDA:173,4,0,30961
BRDA:173,4,1,452833
BRDA:196,5,0,38
BRDA:196,5,1,19289
BRDA:219,6,0,667
BRDA:219,6,1,250
BRDA:242,7,0,27
BRDA:242,7,1,873
BRDA:339,8,0,130
BRDA:339,8,1,43312
BRF:18
BRH:18
end_of_record
TN:
SF:grammar/utils.js
FN:10,(anonymous_0)
FN:14,(anonymous_1)
FN:23,(anonymous_2)
FN:35,(anonymous_3)
FN:47,(anonymous_4)
FN:56,(anonymous_5)
FN:74,(anonymous_6)
FN:92,(anonymous_7)
FN:98,(anonymous_8)
FN:109,(anonymous_9)
FN:119,(anonymous_10)
FN:125,(anonymous_11)
FN:130,(anonymous_12)
FN:140,(anonymous_13)
FN:157,(anonymous_14)
FN:163,(anonymous_15)
FN:173,(anonymous_16)
FN:203,(anonymous_17)
FN:261,(anonymous_18)
FN:278,(anonymous_19)
FN:280,(anonymous_20)
FN:329,(anonymous_21)
FN:346,(anonymous_22)
FN:356,(anonymous_23)
FN:364,(anonymous_24)
FN:372,(anonymous_25)
FN:381,(anonymous_26)
FN:385,(anonymous_27)
FN:389,(anonymous_28)
FNF:29
FNH:27
FNDA:16,(anonymous_0)
FNDA:231300,(anonymous_1)
FNDA:230261,(anonymous_2)
FNDA:2,(anonymous_3)
FNDA:1039,(anonymous_4)
FNDA:0,(anonymous_5)
FNDA:0,(anonymous_6)
FNDA:9230,(anonymous_7)
FNDA:1,(anonymous_8)
FNDA:9230,(anonymous_9)
FNDA:255,(anonymous_10)
FNDA:1,(anonymous_11)
FNDA:255,(anonymous_12)
FNDA:134727,(anonymous_13)
FNDA:2,(anonymous_14)
FNDA:134727,(anonymous_15)
FNDA:56,(anonymous_16)
FNDA:7,(anonymous_17)
FNDA:19,(anonymous_18)
FNDA:30929,(anonymous_19)
FNDA:61864,(anonymous_20)
FNDA:386169,(anonymous_21)
FNDA:246,(anonymous_22)
FNDA:75132,(anonymous_23)
FNDA:52090,(anonymous_24)
FNDA:5964,(anonymous_25)
FNDA:700,(anonymous_26)
FNDA:380126,(anonymous_27)
FNDA:5,(anonymous_28)
DA:1,1
DA:2,1
DA:3,1
DA:4,1
DA:5,1
DA:6,1
DA:11,16
DA:15,231300
DA:24,230261
DA:26,230261
DA:36,2
DA:37,2
DA:38,0
DA:39,2
DA:48,1039
DA:58,0
DA:59,0
DA:60,0
DA:76,0
DA:93,9230
DA:94,120
DA:95,9110
DA:99,1
DA:100,1
DA:111,9230
DA:112,1
DA:114,9229
DA:115,9229
DA:120,255
DA:121,0
DA:122,255
DA:126,1
DA:127,1
DA:132,255
DA:133,1
DA:135,254
DA:136,254
DA:141,134727
DA:142,134727
DA:143,134727
DA:144,4226
DA:145,130501
DA:146,1242
DA:147,129259
DA:148,36227
DA:149,93032
DA:150,8503
DA:151,84529
DA:152,84529
DA:154,0
DA:158,2
DA:159,2
DA:160,2
DA:164,134727
DA:165,2
DA:167,134725
DA:168,134725
DA:169,134725
DA:175,56
DA:176,49
DA:177,7
DA:178,0
DA:182,7
DA:183,7
DA:184,7
DA:186,1
DA:187,0
DA:191,1
DA:192,1
DA:196,6
DA:197,6
DA:198,6
DA:199,6
DA:203,7
DA:204,7
DA:205,0
DA:206,7
DA:207,7
DA:208,7
DA:209,5
DA:210,0
DA:213,5
DA:215,0
DA:217,5
DA:218,5
DA:221,2
DA:222,2
DA:223,2
DA:224,2
DA:225,2
DA:227,0
DA:230,2
DA:231,2
DA:232,2
DA:233,2
DA:236,7
DA:238,7
DA:239,6
DA:247,1
DA:256,7
DA:257,7
DA:258,7
DA:262,19
DA:263,19
DA:264,44
DA:265,0
DA:266,44
DA:270,19
DA:279,30929
DA:280,30929
DA:281,61864
DA:282,18
DA:284,61846
DA:285,2
DA:287,61846
DA:289,61846
DA:290,678
DA:291,678
DA:293,61846
DA:294,14
DA:295,14
DA:298,61846
DA:299,48053
DA:300,61846
DA:301,30589
DA:302,61846
DA:303,47343
DA:304,61846
DA:305,30922
DA:307,30929
DA:308,259
DA:315,30670
DA:322,30929
DA:330,386169
DA:331,386169
DA:332,290
DA:333,386169
DA:335,173407
DA:338,212762
DA:349,246
DA:357,75132
DA:365,52090
DA:373,5964
DA:382,700
DA:386,380126
DA:390,5
DA:392,5
DA:393,2
DA:394,2
DA:396,3
DA:397,3
DA:400,5
DA:401,5
DA:402,5
DA:403,5
DA:404,5
DA:409,1
LF:157
LH:143
BRDA:37,0,0,0
BRDA:37,0,1,2
BRDA:93,1,0,120
BRDA:93,1,1,9110
BRDA:111,2,0,1
BRDA:111,2,1,9229
BRDA:120,3,0,0
BRDA:120,3,1,255
BRDA:132,4,0,1
BRDA:132,4,1,254
BRDA:143,5,0,4226
BRDA:143,5,1,130501
BRDA:145,6,0,1242
BRDA:145,6,1,129259
BRDA:147,7,0,36227
BRDA:147,7,1,93032
BRDA:149,8,0,8503
BRDA:149,8,1,84529
BRDA:151,9,0,84529
BRDA:151,9,1,0
BRDA:164,10,0,2
BRDA:164,10,1,134725
BRDA:175,11,0,49
BRDA:175,11,1,7
BRDA:177,12,0,0
BRDA:177,12,1,7
BRDA:184,13,0,1
BRDA:184,13,1,6
BRDA:186,14,0,0
BRDA:186,14,1,1
BRDA:186,15,0,1
BRDA:186,15,1,1
BRDA:204,16,0,0
BRDA:204,16,1,7
BRDA:207,17,0,0
BRDA:207,17,1,7
BRDA:208,18,0,5
BRDA:208,18,1,2
BRDA:209,19,0,0
BRDA:209,19,1,5
BRDA:209,20,0,5
BRDA:209,20,1,5
BRDA:213,21,0,0
BRDA:213,21,1,5
BRDA:213,22,0,5
BRDA:213,22,1,5
BRDA:213,22,2,5
BRDA:213,22,3,5
BRDA:213,22,4,5
BRDA:225,23,0,0
BRDA:225,23,1,2
BRDA:225,24,0,2
BRDA:225,24,1,2
BRDA:225,24,2,2
BRDA:225,24,3,2
BRDA:225,24,4,2
BRDA:236,25,0,0
BRDA:236,25,1,7
BRDA:238,26,0,6
BRDA:238,26,1,1
BRDA:238,27,0,7
BRDA:238,27,1,6
BRDA:256,28,0,7
BRDA:256,28,1,0
BRDA:264,29,0,0
BRDA:264,29,1,44
BRDA:281,30,0,18
BRDA:281,30,1,61846
BRDA:284,31,0,2
BRDA:284,31,1,61844
BRDA:289,32,0,678
BRDA:289,32,1,61168
BRDA:293,33,0,14
BRDA:293,33,1,61832
BRDA:298,34,0,48053
BRDA:298,34,1,13793
BRDA:300,35,0,30589
BRDA:300,35,1,31257
BRDA:302,36,0,47343
BRDA:302,36,1,14503
BRDA:304,37,0,30922
BRDA:304,37,1,30924
BRDA:307,38,0,259
BRDA:307,38,1,30670
BRDA:307,39,0,30929
BRDA:307,39,1,13115
BRDA:331,40,0,290
BRDA:331,40,1,385879
BRDA:333,41,0,173407
BRDA:333,41,1,212762
BRDA:392,42,0,2
BRDA:392,42,1,3
BRF:92
BRH:79
end_of_record
TN:
SF:grammar/dependency/hooks.js
FN:14,(anonymous_0)
FN:18,(anonymous_1)
FN:33,(anonymous_2)
FN:38,(anonymous_3)
FN:54,(anonymous_4)
FN:60,(anonymous_5)
FN:76,(anonymous_6)
FN:94,(anonymous_7)
FN:110,(anonymous_8)
FN:111,(anonymous_9)
FN:124,(anonymous_10)
FN:136,(anonymous_11)
FNF:12
FNH:11
FNDA:2,(anonymous_0)
FNDA:0,(anonymous_1)
FNDA:52,(anonymous_2)
FNDA:43,(anonymous_3)
FNDA:12,(anonymous_4)
FNDA:5,(anonymous_5)
FNDA:5,(anonymous_6)
FNDA:91,(anonymous_7)
FNDA:21,(anonymous_8)
FNDA:31,(anonymous_9)
FNDA:24,(anonymous_10)
FNDA:25,(anonymous_11)
DA:1,1
DA:2,1
DA:3,1
DA:4,1
DA:5,1
DA:6,1
DA:15,2
DA:16,2
DA:17,2
DA:18,0
DA:20,2
DA:22,2
DA:23,2
DA:25,2
DA:35,52
DA:36,31
DA:37,31
DA:38,31
DA:39,43
DA:43,31
DA:44,12
DA:46,52
DA:56,12
DA:57,12
DA:58,12
DA:60,12
DA:61,5
DA:64,12
DA:65,8
DA:67,12
DA:78,5
DA:79,5
DA:80,0
DA:81,5
DA:82,4
DA:84,1
DA:86,5
DA:95,91
DA:96,11
DA:98,75
DA:99,48
DA:101,27
DA:111,21
DA:112,31
DA:113,1
DA:114,30
DA:116,21
DA:125,24
DA:137,25
DA:138,25
DA:139,25
DA:140,25
DA:141,24
DA:142,24
DA:143,24
DA:144,24
DA:146,5
DA:147,2
DA:150,22
DA:151,1
DA:152,1
DA:155,21
DA:159,1
LF:63
LH:61
BRDA:35,0,0,31
BRDA:35,0,1,21
BRDA:36,1,0,31
BRDA:36,1,1,0
BRDA:37,2,0,31
BRDA:37,2,1,0
BRDA:39,3,0,43
BRDA:39,3,1,2
BRDA:39,3,2,2
BRDA:39,3,3,2
BRDA:39,3,4,2
BRDA:39,3,5,41
BRDA:39,3,6,21
BRDA:39,3,7,17
BRDA:43,4,0,12
BRDA:43,4,1,19
BRDA:56,5,0,12
BRDA:56,5,1,0
BRDA:57,6,0,12
BRDA:57,6,1,0
BRDA:58,7,0,12
BRDA:58,7,1,0
BRDA:61,8,0,5
BRDA:61,8,1,5
BRDA:61,8,2,4
BRDA:61,8,3,4
BRDA:61,8,4,4
BRDA:64,9,0,8
BRDA:64,9,1,4
BRDA:79,10,0,0
BRDA:79,10,1,5
BRDA:81,11,0,4
BRDA:81,11,1,1
BRDA:95,12,0,11
BRDA:95,12,1,75
BRDA:98,13,0,48
BRDA:98,13,1,27
BRDA:112,14,0,1
BRDA:112,14,1,30
BRDA:136,15,0,21
BRDA:137,16,0,0
BRDA:137,16,1,25
BRDA:146,17,0,2
BRDA:146,17,1,3
BRDA:150,18,0,1
BRDA:150,18,1,21
BRDA:150,19,0,22
BRDA:150,19,1,5
BRF:48
BRH:41
end_of_record
TN:
SF:grammar/dependency/utils.js
FN:9,(anonymous_0)
FN:13,(anonymous_1)
FN:22,(anonymous_2)
FN:33,(anonymous_3)
FN:45,(anonymous_4)
FN:60,(anonymous_5)
FN:65,(anonymous_6)
FN:70,(anonymous_7)
FN:76,(anonymous_8)
FN:106,(anonymous_9)
FN:164,(anonymous_10)
FN:181,(anonymous_11)
FN:183,(anonymous_12)
FN:232,(anonymous_13)
FN:247,(anonymous_14)
FN:257,(anonymous_15)
FN:265,(anonymous_16)
FN:273,(anonymous_17)
FN:282,(anonymous_18)
FN:286,(anonymous_19)
FNF:20
FNH:20
FNDA:4,(anonymous_0)
FNDA:52,(anonymous_1)
FNDA:50,(anonymous_2)
FNDA:2,(anonymous_3)
FNDA:2,(anonymous_4)
FNDA:1,(anonymous_5)
FNDA:1,(anonymous_6)
FNDA:40,(anonymous_7)
FNDA:1,(anonymous_8)
FNDA:1,(anonymous_9)
FNDA:1,(anonymous_10)
FNDA:14,(anonymous_11)
FNDA:28,(anonymous_12)
FNDA:84,(anonymous_13)
FNDA:1,(anonymous_14)
FNDA:27,(anonymous_15)
FNDA:2,(anonymous_16)
FNDA:1,(anonymous_17)
FNDA:1,(anonymous_18)
FNDA:32,(anonymous_19)
DA:1,1
DA:2,1
DA:3,1
DA:4,1
DA:5,1
DA:10,4
DA:14,52
DA:23,50
DA:25,50
DA:34,2
DA:35,2
DA:36,0
DA:37,2
DA:46,2
DA:61,1
DA:62,1
DA:66,1
DA:67,1
DA:71,40
DA:72,40
DA:73,40
DA:78,1
DA:79,0
DA:80,1
DA:81,0
DA:85,1
DA:86,1
DA:87,1
DA:89,0
DA:90,0
DA:94,0
DA:95,0
DA:99,1
DA:100,1
DA:101,1
DA:102,1
DA:106,1
DA:107,1
DA:108,0
DA:109,1
DA:110,1
DA:111,1
DA:112,0
DA:113,0
DA:116,0
DA:118,0
DA:120,0
DA:121,0
DA:124,1
DA:125,1
DA:126,1
DA:127,1
DA:128,1
DA:130,0
DA:133,1
DA:134,1
DA:135,1
DA:136,1
DA:139,1
DA:141,1
DA:142,1
DA:150,0
DA:159,1
DA:160,1
DA:161,1
DA:165,1
DA:166,1
DA:167,2
DA:168,0
DA:169,2
DA:173,1
DA:182,14
DA:183,14
DA:184,28
DA:185,0
DA:187,28
DA:188,2
DA:190,28
DA:192,28
DA:193,2
DA:194,2
DA:196,28
DA:197,2
DA:198,2
DA:201,28
DA:202,24
DA:203,28
DA:204,13
DA:205,28
DA:206,24
DA:207,28
DA:208,13
DA:210,14
DA:211,0
DA:218,14
DA:225,14
DA:233,84
DA:234,84
DA:236,37
DA:239,47
DA:250,1
DA:258,27
DA:266,2
DA:274,1
DA:283,1
DA:287,32
DA:291,1
LF:107
LH:88
BRDA:35,0,0,0
BRDA:35,0,1,2
BRDA:78,1,0,0
BRDA:78,1,1,1
BRDA:80,2,0,0
BRDA:80,2,1,1
BRDA:87,3,0,0
BRDA:87,3,1,1
BRDA:89,4,0,0
BRDA:89,4,1,0
BRDA:89,5,0,0
BRDA:89,5,1,0
BRDA:107,6,0,0
BRDA:107,6,1,1
BRDA:110,7,0,0
BRDA:110,7,1,1
BRDA:111,8,0,0
BRDA:111,8,1,1
BRDA:112,9,0,0
BRDA:112,9,1,0
BRDA:112,10,0,0
BRDA:112,10,1,0
BRDA:116,11,0,0
BRDA:116,11,1,0
BRDA:116,12,0,0
BRDA:116,12,1,0
BRDA:116,12,2,0
BRDA:116,12,3,0
BRDA:116,12,4,0
BRDA:128,13,0,0
BRDA:128,13,1,1
BRDA:128,14,0,1
BRDA:128,14,1,1
BRDA:128,14,2,1
BRDA:128,14,3,1
BRDA:128,14,4,1
BRDA:139,15,0,0
BRDA:139,15,1,1
BRDA:141,16,0,1
BRDA:141,16,1,0
BRDA:141,17,0,1
BRDA:141,17,1,1
BRDA:159,18,0,1
BRDA:159,18,1,0
BRDA:167,19,0,0
BRDA:167,19,1,2
BRDA:184,20,0,0
BRDA:184,20,1,28
BRDA:187,21,0,2
BRDA:187,21,1,26
BRDA:192,22,0,2
BRDA:192,22,1,26
BRDA:196,23,0,2
BRDA:196,23,1,26
BRDA:201,24,0,24
BRDA:201,24,1,4
BRDA:203,25,0,13
BRDA:203,25,1,15
BRDA:205,26,0,24
BRDA:205,26,1,4
BRDA:207,27,0,13
BRDA:207,27,1,15
BRDA:210,28,0,0
BRDA:210,28,1,14
BRDA:210,29,0,14
BRDA:210,29,1,2
BRDA:234,30,0,37
BRDA:234,30,1,47
BRF:68
BRH:39
end_of_record
TN:
SF:grammar/type/collection.js
FN:7,(anonymous_0)
FN:19,(anonymous_1)
FN:23,(anonymous_2)
FN:27,(anonymous_3)
FN:36,(anonymous_4)
FNF:5
FNH:5
FNDA:22,(anonymous_0)
FNDA:13,(anonymous_1)
FNDA:1,(anonymous_2)
FNDA:1,(anonymous_3)
FNDA:46,(anonymous_4)
DA:8,22
DA:9,20
DA:10,20
DA:12,2
DA:13,1
DA:14,1
DA:15,1
DA:20,13
DA:24,1
DA:28,1
DA:37,46
DA:38,46
DA:42,1
LF:13
LH:13
BRDA:8,0,0,20
BRDA:8,0,1,2
BRDA:8,1,0,22
BRDA:8,1,1,20
BRDA:12,2,0,1
BRDA:12,2,1,1
BRF:6
BRH:6
end_of_record
